
******* WELCOME PosDesk and PcDesk  Date: [ 17-10-2019 ]	 Time: [ 10:07:27 ] *******

Time out, some thing late processing with client

******* WELCOME PosDesk and PcDesk  Date: [ 17-10-2019 ]	 Time: [ 10:12:23 ] *******
ProjectName: MADRASSECURITY
Machineid: 1806576596
Macid: 7C:F0:BA:F8:91:27
Uid: 0f1499d4ea9e6220
AppType: 100
AppVersion: 3.0
U-boot: GL11-UB-2009.08-1520-1.1.bin
Kernel: GL11-KR-3.0.35-1921-1.0.IMG
Rootfs: GL11-RD-EXT3-1920-1.0.IMG
FirmwareVersion: 2.3

Time out, some thing late processing with client

******* WELCOME PosDesk and PcDesk  Date: [ 17-10-2019 ]	 Time: [ 10:17:10 ] *******
ProjectName: MADRASSECURITY
Machineid: 1806576596
Macid: 7C:F0:BA:F8:91:27
Uid: 0f1499d4ea9e6220
AppType: 100
AppVersion: 3.0
U-boot: GL11-UB-2009.08-1520-1.1.bin
Kernel: GL11-KR-3.0.35-1921-1.0.IMG
Rootfs: GL11-RD-EXT3-1920-1.0.IMG
FirmwareVersion: 2.3
