
******* WELCOME PosDesk and PcDesk  Date: [ 04-09-2019 ]	 Time: [ 15:45:02 ] *******
ProjectName: MHVISIONTEK
Machineid: 1817161514
Macid: 7C:F0:BA:F8:32:8B
Uid: 081c71d4ea9e6220
AppType: 100
AppVersion: VV1.0
U-boot: GL11-UB-2009.08-1573-1.1.bin
Kernel: GL11-KR-3.0.35-1647-1.1.IMG
Rootfs: GL11-RD-EXT3-1699-1.0.IMG
FirmwareVersion: 2.1


Time: [ 15:45:08 ]	Command: [ ls ]	Status: [ Success ]
Pendrive_patch_srikakulam_2.1_30082019.zip
PosDesk
PosDesk.sh
a.out
fw_setenv
hi
libBiomatiquesSDK.so
mcpid
patch
rdpid
rhms_update_binary
rootfs_patch.tar.bz2
rootfs_update.sh


Time: [ 15:45:09 ]	Command: [ ls ]	Status: [ Success ]
Pendrive_patch_srikakulam_2.1_30082019.zip
PosDesk
PosDesk.sh
a.out
fw_setenv
hi
libBiomatiquesSDK.so
mcpid
patch
rdpid
rhms_update_binary
rootfs_patch.tar.bz2
rootfs_update.sh


Time: [ 15:45:11 ]	Command: [ ls ]	Status: [ Success ]
Pendrive_patch_srikakulam_2.1_30082019.zip
PosDesk
PosDesk.sh
a.out
fw_setenv
hi
libBiomatiquesSDK.so
mcpid
patch
rdpid
rhms_update_binary
rootfs_patch.tar.bz2
rootfs_update.sh

******* WELCOME PosDesk and PcDesk  Date: [ 04-09-2019 ]	 Time: [ 15:47:15 ] *******
ProjectName: MHVISIONTEK
Machineid: 1817161514
Macid: 7C:F0:BA:F8:32:8B
Uid: 081c71d4ea9e6220
AppType: 100
AppVersion: VV1.0
U-boot: GL11-UB-2009.08-1573-1.1.bin
Kernel: GL11-KR-3.0.35-1647-1.1.IMG
Rootfs: GL11-RD-EXT3-1699-1.0.IMG
FirmwareVersion: 2.1

Time out, some thing late processing with client

******* WELCOME PosDesk and PcDesk  Date: [ 04-09-2019 ]	 Time: [ 15:48:35 ] *******

Time out, some thing late processing with client

******* WELCOME PosDesk and PcDesk  Date: [ 04-09-2019 ]	 Time: [ 15:50:25 ] *******
ProjectName: MHVISIONTEK
Machineid: 1817161514
Macid: 7C:F0:BA:F8:32:8B
Uid: 081c71d4ea9e6220
AppType: 100
AppVersion: VV1.0
U-boot: GL11-UB-2009.08-1573-1.1.bin
Kernel: GL11-KR-3.0.35-1647-1.1.IMG
Rootfs: GL11-RD-EXT3-1699-1.0.IMG
FirmwareVersion: 2.1

Time out, some thing late processing with client

******* WELCOME PosDesk and PcDesk  Date: [ 04-09-2019 ]	 Time: [ 15:52:24 ] *******

Time out, some thing late processing with client

******* WELCOME PosDesk and PcDesk  Date: [ 04-09-2019 ]	 Time: [ 15:54:43 ] *******
ProjectName: MHVISIONTEK
Machineid: 1817161514
Macid: 7C:F0:BA:F8:32:8B
Uid: 081c71d4ea9e6220
AppType: 100
AppVersion: VV1.0
U-boot: GL11-UB-2009.08-1573-1.1.bin
Kernel: GL11-KR-3.0.35-1647-1.1.IMG
Rootfs: GL11-RD-EXT3-1699-1.0.IMG
FirmwareVersion: 2.1

Time out, some thing late processing with client

******* WELCOME PosDesk and PcDesk  Date: [ 04-09-2019 ]	 Time: [ 15:55:55 ] *******

Time out, some thing late processing with client

******* WELCOME PosDesk and PcDesk  Date: [ 04-09-2019 ]	 Time: [ 16:13:45 ] *******
ProjectName: MHVISIONTEK
Machineid: 1817161514
Macid: 7C:F0:BA:F8:32:8B
Uid: 081c71d4ea9e6220
AppType: 100
AppVersion: VV1.0
U-boot: GL11-UB-2009.08-1573-1.1.bin
Kernel: GL11-KR-3.0.35-1647-1.1.IMG
Rootfs: GL11-RD-EXT3-1699-1.0.IMG
FirmwareVersion: 2.1


Time: [ 16:13:48 ]	Command: [ ls ]	Status: [ Success ]
Pendrive_patch_srikakulam_2.1_30082019.zip
PosDesk
PosDesk.sh
a.out
fw_setenv
hi
libBiomatiquesSDK.so
mcpid
patch
rdpid
rhms_update_binary
rootfs_patch.tar.bz2
rootfs_update.sh


Time: [ 16:13:50 ]	Command: [ ls ]	Status: [ Success ]
Pendrive_patch_srikakulam_2.1_30082019.zip
PosDesk
PosDesk.sh
a.out
fw_setenv
hi
libBiomatiquesSDK.so
mcpid
patch
rdpid
rhms_update_binary
rootfs_patch.tar.bz2
rootfs_update.sh


Time: [ 16:14:09 ]	Command: [ ls ]	Status: [ Success ]
Pendrive_patch_srikakulam_2.1_30082019.zip
PosDesk
PosDesk.sh
a.out
fw_setenv
hi
libBiomatiquesSDK.so
mcpid
patch
rdpid
rhms_update_binary
rootfs_patch.tar.bz2
rootfs_update.sh


Time: [ 16:14:10 ]	Command: [ ls ]	Status: [ Success ]
Pendrive_patch_srikakulam_2.1_30082019.zip
PosDesk
PosDesk.sh
a.out
fw_setenv
hi
libBiomatiquesSDK.so
mcpid
patch
rdpid
rhms_update_binary
rootfs_patch.tar.bz2
rootfs_update.sh

******* WELCOME PosDesk and PcDesk  Date: [ 04-09-2019 ]	 Time: [ 16:17:52 ] *******

Time out, some thing late processing with client

******* WELCOME PosDesk and PcDesk  Date: [ 04-09-2019 ]	 Time: [ 16:18:43 ] *******
ProjectName: MHVISIONTEK
Machineid: 1817161514
Macid: 7C:F0:BA:F8:32:8B
Uid: 081c71d4ea9e6220
AppType: 100
AppVersion: VV1.0
U-boot: GL11-UB-2009.08-1573-1.1.bin
Kernel: GL11-KR-3.0.35-1647-1.1.IMG
Rootfs: GL11-RD-EXT3-1699-1.0.IMG
FirmwareVersion: 2.1


Time: [ 16:18:45 ]	Command: [ ls ]	Status: [ Success ]
Pendrive_patch_srikakulam_2.1_30082019.zip
PosDesk
PosDesk.sh
a.out
fw_setenv
hi
libBiomatiquesSDK.so
mcpid
patch
rdpid
rhms_update_binary
rootfs_patch.tar.bz2
rootfs_update.sh


Time: [ 16:18:47 ]	Command: [ ls ]	Status: [ Success ]
Pendrive_patch_srikakulam_2.1_30082019.zip
PosDesk
PosDesk.sh
a.out
fw_setenv
hi
libBiomatiquesSDK.so
mcpid
patch
rdpid
rhms_update_binary
rootfs_patch.tar.bz2
rootfs_update.sh

******* WELCOME PosDesk and PcDesk  Date: [ 04-09-2019 ]	 Time: [ 16:32:42 ] *******
ProjectName: MHVISIONTEK
Machineid: 1817161514
Macid: 7C:F0:BA:F8:32:8B
Uid: 081c71d4ea9e6220
AppType: 100
AppVersion: VV1.0
U-boot: GL11-UB-2009.08-1573-1.1.bin
Kernel: GL11-KR-3.0.35-1647-1.1.IMG
Rootfs: GL11-RD-EXT3-1699-1.0.IMG
FirmwareVersion: 2.1


Time: [ 16:32:47 ]	Command: [ ls ]	Status: [ Success ]
Pendrive_patch_srikakulam_2.1_30082019.zip
PosDesk
PosDesk.sh
a.out
fw_setenv
hi
libBiomatiquesSDK.so
mcpid
patch
rdpid
rhms_update_binary
rootfs_patch.tar.bz2
rootfs_update.sh


Time: [ 16:32:59 ]	Command: [ supload /root/fw_setenv ]	Status: [ Success ]
sh: supload: not found


Time: [ 16:33:10 ]	Command: [ upload /root/fw_setenv ]	Status: [ Success ]


Time: [ 16:33:10 ]	Command: [ upload /root/fw_setenv ]	Status: [ Success ]

******* WELCOME PosDesk and PcDesk  Date: [ 04-09-2019 ]	 Time: [ 16:46:01 ] *******
ProjectName: MHVISIONTEK
Machineid: 1817161514
Macid: 7C:F0:BA:F8:32:8B
Uid: 081c71d4ea9e6220
AppType: 100
AppVersion: VV1.0
U-boot: GL11-UB-2009.08-1573-1.1.bin
Kernel: GL11-KR-3.0.35-1647-1.1.IMG
Rootfs: GL11-RD-EXT3-1699-1.0.IMG
FirmwareVersion: 2.1


Time: [ 16:46:14 ]	Command: [ ls ]	Status: [ Success ]
Pendrive_patch_srikakulam_2.1_30082019.zip
PosDesk
PosDesk.sh
a.out
fw_setenv
hi
libBiomatiquesSDK.so
mcpid
patch
rdpid
rhms_update_binary
rootfs_patch.tar.bz2
rootfs_update.sh


Time: [ 16:46:25 ]	Command: [ ls ]	Status: [ Success ]
Pendrive_patch_srikakulam_2.1_30082019.zip
PosDesk
PosDesk.sh
a.out
fw_setenv
hi
libBiomatiquesSDK.so
mcpid
patch
rdpid
rhms_update_binary
rootfs_patch.tar.bz2
rootfs_update.sh


Time: [ 16:46:34 ]	Command: [ upload a.out ]	Status: [ Success ]


Time: [ 16:46:34 ]	Command: [ upload a.out ]	Status: [ Success ]


Time: [ 16:47:33 ]	Command: [ upload /root/a.out ]	Status: [ Success ]


Time: [ 16:47:33 ]	Command: [ upload /root/a.out ]	Status: [ Success ]


Time: [ 16:48:35 ]	Command: [ ls ]	Status: [ Success ]
Pendrive_patch_srikakulam_2.1_30082019.zip
PosDesk
PosDesk.sh
a.out
fw_setenv
hi
libBiomatiquesSDK.so
mcpid
patch
rdpid
rhms_update_binary
rootfs_patch.tar.bz2
rootfs_update.sh


Time: [ 16:48:44 ]	Command: [ ls ]	Status: [ Success ]
Pendrive_patch_srikakulam_2.1_30082019.zip
PosDesk
PosDesk.sh
a.out
fw_setenv
hi
libBiomatiquesSDK.so
mcpid
patch
rdpid
rhms_update_binary
rootfs_patch.tar.bz2
rootfs_update.sh


Time: [ 16:48:53 ]	Command: [ cat /var/gprs ]	Status: [ Success ]
0,W,3,59,

Time: [ 16:48:55 ]	Command: [ ps ]	Status: [ Success ]
  PID USER       VSZ STAT COMMAND
    1 root      2228 S    init
    2 root         0 SW   [kthreadd]
    3 root         0 SW   [ksoftirqd/0]
    6 root         0 SW<  [khelper]
   84 root         0 SW   [usb_wakeup thre]
  309 root         0 SW   [sync_supers]
  311 root         0 SW   [bdi-default]
  313 root         0 SW<  [kblockd]
  327 root         0 SW<  [imx6q-ecspi.1]
  339 root         0 SW   [khubd]
  378 root         0 SW<  [l2cap]
  381 root         0 SW<  [cfg80211]
  469 root         0 SW<  [rpciod]
  475 root         0 SW   [usb_wakeup thre]
  477 root         0 SW<  [otg_switch]
  481 root         0 SW   [usb_wakeup thre]
  495 root         0 SW   [kswapd0]
  554 root         0 SW   [fsnotify_mark]
  569 root         0 SW<  [nfsiod]
  579 root         0 SW<  [crypto]
 1144 root         0 SW   [kapmd]
 1219 root         0 SW   [irq/391-ad7877]
 1298 root         0 SW<  [krfcommd]
 1317 root         0 SW   [mmcqd/1]
 1318 root         0 SW   [mmcqd/1boot0]
 1319 root         0 SW   [mmcqd/1boot1]
 1330 root         0 SW   [kjournald]
 1340 root      1756 S <  udevd --daemon
 2366 root         0 SW   [flush-179:0]
 2385 root         0 SW   [gl11_work_kthre]
 2388 root         0 SW   [kjournald]
 2402 root         0 SW   [kjournald]
 2414 root      3728 S    /vision/rgb_battery
 2441 root      2220 S    /usr/sbin/inetd
 2447 root      2188 S    /usr/sbin/dropbear
 2454 messageb  3304 S    dbus-daemon --system
 2567 root      2412 S    /usr/bin/dbus-daemon --fork --print-pid 5 --print-ad
 2570 root      3860 S    /vision/DOT
 2608 root     10668 S    Xfbdev -mouse tslib,2,device=/dev/input/ts0 -keybd k
 2646 root      4868 S    matchbox-window-manager -d :0.0 -use_lowlight no -us
 2689 root      6212 S    matchbox-desktop --icon-size 60 --icon-padding 36
 2696 root      5164 S    matchbox-panel --bgtrans yes
 2704 root      5020 S    mb-applet-menu-launcher
 2705 root      4768 S    mb-applet-clock
 2706 root     23832 S    mb-applet-console-operations
 2713 root     23628 S    mb-applet-microsd
 2752 root     25936 S    mb-applet-usb
 2778 root     29172 S    /usr/bin/rd_init
 2888 root     24012 S    mb-applet-autoapn
 2889 root     23892 S    mb-applet-rds
 3146 root         0 SW   [kworker/u:2]
 6817 root         0 SW   [kworker/0:1]
 7289 root         0 SW   [kworker/u:3]
11210 root      2232 S    -sh
13057 root         0 SW   [kworker/0:2]
17012 root      2536 S    ./PosDesk
18078 root         0 SW   [kworker/u:0]
20655 root      2228 S    sh -c ps > /tmp/.cmd_buff.log 2>&1
20656 root      2232 R    ps
22056 root      1464 S    /home/autoapn_start
22179 root      6740 S    /usr/bin/autoapn
22248 root      2072 S    wpa_supplicant -iwlan0 -c /etc/wpa_supplicant.conf -
22355 root      2228 S    udhcpc -i wlan0 -t 8 -n
23917 root         0 SW   [kworker/u:1]
