
******* WELCOME PosDesk and PcDesk  Date: [ 04-09-2019 ]	 Time: [ 15:45:28 ] *******
ProjectName: ERROR
Machineid: 
Macid: ERROR
Uid: ERROR
AppType: ERROR
AppVersion: ERROR
U-boot: 
Kernel: 
Rootfs: 
FirmwareVersion: ERROR


Time: [ 15:45:30 ]	Command: [ ls ]	Status: [ Success ]
1
111806562552
1137_511_449
1362
1557
1610188445_________________________________
1617
1mydata.h
30042018_DPO_WLAN0_Batronics.tar.bz2
3g.txt
4G_3G_AGPS_TESTING_ALL
4G_3G_AGPS_TESTING_ALL.tar.bz2
4g.txt
94_patch_TLS.zip
access.c
ACK_FROM_SERVER.XML
ads_files
adsplay_ver.conf
affinity.c
agree
aio_read_write
aio_read_write.c
aio_read_write_list
aio_read_write_list.c
aligned.c
ALL_CAMERA
allinfo
allinfo1
allinfo2
ALL_MHPDS_DEVICES_LIST
alloc_brk.c
alloc.c
alloc_sbrk.c
all.txt
AMS
anon_mmap.c
ansilimits.c
anydesk_taken_serial_ids.txt
a.out
app
app.c
appds_device_details.xls
appds_iritech_patch_01032019.tar.bz2
appdskrishna_rhms_problem_IDs
appds_rhms_problem_IDs
appds_serial_numbers
APP_RHMS
APP_RHMS_BKP
ares_build.h
ares_dns.h
ares.h
ares_rules.h
ares_version.h
attr_sched1.c
attr_sched.c
attr_stack.c
autoapn
autoapn_5.0.2
autoapn_5.0.7
Backup_bhargav
barrier.c
Battery_Temp
bill
bill.tar.bz2
binary_sems.c
binary_sems.h
Bluetooth
bmphandler.c
books
branches
brk
buftest.c
build_maker_visiontek_1.1.sh
buildroot-2017.02.10
build-sample-pc-Debug
busybox
c
Californium.properties
call
call1
call1.c
call.c
cdpwd.c
chits.c
CHKFREED.c
cleanup
cleanup1
cleanup1.c
cleanup.c
client
clone1.c
clone2.c
clone3.c
CmsUpdate
common.c
common.h
common.o
confi.db1
config
config.c
config.txt
consistent.c
contents
Contents.txt
copy
copy.c
copysync
copysync.c
create
create.c
curl_command
DAILY_CVD_CHECKSUM_UPLOAD.sh
daily_cvd.md5
daily_report
deamon.c
defattrtib.c
demo
demo.c
Demo.txt
dep
deprecated.c
Dereg_From_patchtest_allversions_78nos_on_190319.xls
DEREGISTER_700_FROM_PATCHTEST.xls
Deregister_goapds_16_devices_from_patchtest_and_registering_in_goapds_on_240519.xls
deregistering_40_devices_from_goapds_and_registering_in_mhvisiontek_on_170819.xls
DEREGISTER_KASARAGODU_FROM_KPDS_390nos_ON_221218.xls
description
Desktop
destructor.c
detached_attrib.c
DeviceDetails07-02-2019_hpds.xls
dev_info.c
DevInfo.c
diff
direct.c
directio
directio.c
direct_read
direct_read.c
displayImage_SRC
dltest
dltest.c
dmesg
Download
Download_1.1_application
Download_dbs
download_imx25
DOWNLOAD_PROJECT
Downloads
Download.tar.bz2
dummy
dummy_file.txt
dyn_detach.c
dyn_join.c
epoll1.c
errchk.c
event_flags.c
event_flags.h
ex2.c
exec1.c
exec2.c
exec3.c
exec4.c
exec5.c
exer
F1.TXT
faq
field_rhms_patch.tar.bz2
file1
FILE1.TXT
filetype.c
find_system_break
find_system_break.c
Fino-PPP-LIB
Firmware
flock
FLOCK1
FLOCK1.c
FLOCK2
FLOCK2.c
FLOCK3
FLOCK3.c
flock.c
Foundations.of.Qt.Development.pdf
freescale-35.tar.gz
frk10.c
frk1.c
frk2.c
frk3.c
frk4.c
frk5.c
frk6.c
frk7.c
frk8.c
frk9.c
frkas1.c
frkas.c
frkfd.c
from_kermit
From_ssh
fs_stats
fs_stats.c
fstat
fstat.c
fstatcopy
fstatcopy.c
ftdi_sio.ko
ftok.c
funambol_dm_server_developer_guide.pdf
funambol_dm_server_developer_guide.ppt
getclk.c
get_week_num.c
gifhandler.c
gl11_gsm_send_read_SMS
GNANBHUMI
GNANBHUMI1
GNOME
gopal.txt
handlers.h
HEAD
hello
hole.c
hooks
ignorepend.c
imei
Imp_tars
IMX25_AutoConnectivity_4.4_Only_GSM
imx25_temp_rootfs.img
IMX25_TEMPS
IMX6_FW_UPDATE
imx6sl.dtsi
imx_iocon.ko
index.html
IN_FMS.txt
info
inline.c
inline.s
install.log
install.sh
Integrate_IMX25
Integrate_IMX6
iotypes
ipc
isu80.1
isu80.2
JDK.history
jpghandler.c
json
kerala_all_devices.xls
kerala_gsm.xls
kernel_src
killing
kk
kk.c
KKK.txt
kollam.txt
kollam.xls
KPDS-1.8
kpds_virus_patch
k.sh
l
ldd3_pdf.tar.bz2
leshan-client-demo.jar
leshan-server-demo.jar
lib
lib1.c
libab.a
liba.o
liba.so
libb.o
libb.so
lib.c
libgl11pos.so
lib.h
lib_imx25
lib.o
libsrc.c
libtest.c
libtest.cman
libxyz.so
linux-2.6.31_src_rt5370sta_src.zip
linux-3.0.35_lcd
Linux_backup.pdf
linux.mp4
LinuxPro
live_score.sh
lm80-p0436-7_f_410e_proc_apq8016e_device_spec.pdf
locker
locker.c
ls
lseek
lseek.c
machineid1.c
macid.c
mahesh_1604567856_21082018
main.c
main_cvd.md5
Makefile
Makefile.inc
mallinfo
mallinfo.c
malloc
malloc.c
malloc_stats
malloc_stats.c
malloc_status.c
malloc_tuning
malloc_tuning.c
malloc_tunning.c
malloc_usable_size
malloc_usable_size.c
mallopt.c
mama
mandl.c
mem1.c
mem2a.c
mem2b.c
mem4.c
mem51.c
memconst.h
meminfo.c
memkey.h
memlock
memlock.c
message_app_1.0
message_dbsample
MF1S50YYX_V1.pdf
mhintegra_till_now_connected_to_1.8_on_040619.xls
mhnagpur_till_now_connected_to_1.8_on_040619.xls
mhpds_all_devices_list_with_macid_and_connected_time.txt
mhpds_all_devices_list_with_macid_and_connected_time.xls
mhpds_device_details.xls
mhpds_macid.txt
mhpds.txt
mincore.c
mk2120ul-mgmtserv.log
mlockall.c
mlock.c
MLS
mmap
mmap1
mmap1.c
mmap2
mmap2.c
mmap3
mmap3.c
mmap4
mmap4.c
mmap5
mmap5.c
mmap.c
mmap_fullfile
mmap_fullfile.c
mmc
mosquitto
mosquitto_1.0_develp.tar.bz2
mosquitto_1.1_devolped.tar.bz2
mosquitto-1.4.8
mosquitto_patch
mosquitto.sh
mosquitto.tar.bz2
mosquitto_test
mosquitto_test_1.1
mqinfo.c
mq_notify_sig.c
mq_notify_sigwaitinfo.c
mq_notify_thread.c
msg_file_client.c
msgfile.h
msg_file_server.c
msgls.c
msgq1.c
msgq21.c
msgq22.c
msgq23.c
msgq2a.c
msgq2b.c
msgq3.c
msg_unlink.c
mtxmain.c
mtxmydata.h
mtxreader.c
mtxwriter.c
multi1
multi1.c
multi2
multi2.c
multi3
multi3.c
multi4
multi4.c
mydata.h
mydata.txt
myDrivers
mygit
mylib.c
mylib.o
myp
mytasks
Nating_from_internet.sh
new_src
non_locker
non_locker.c
nonnull.c
nooverrun.c
noreturn.c
note
notes
Notifier_1.2
Notifier_server
objects
occurence_report_1.0.sh
oldact.c
one.c
oom
oom.c
open
open.c
openssl
OPENSSL
openssl-1.0.1e
openssl-1.0.1e.tar.gz
opentftp
OPI22
ostypes
out
out.log
out.txt
OVERRUN.c
part1.c
patch
PATCH
patch-2.0.zip
PATCH_FOR_RUN_rhms
patch.md5
patch.tar.bz2
pathlim.c
pat.txt
pcxhandler.c
PERR.c
perror
perror.c
poll1
poll1.c
poll2
poll2.c
PosDesk
PosDesk.sh
posixlimits.c
_posix_man
posix_memaling.c
posixopts.c
POSIXVER.c
printer_hex_file
prio.c
priority1.c
priority.c
PRL.c
problem_appds
PROC1
PROC1.c
PROC2
PROC2.c
PROC3
PROC3.c
PROC41
PROC41.c
PROC42
PROC42.c
PROC51
PROC51.c
PROC52
PROC52.c
proclimits.c
procon.c
proconsyn.c
prod_condvar1.c
prod_condvar2.c
psem_getvalue.c
psem_timedwait.c
psem_trywait.c
psem_unlink.c
psem_wait.c
pshm_create.c
pshm_read.c
pshm_unlink.c
pshm_write.c
pthread_once.c
pthread_rwlock.c
pthread_seq.c
pthread_seq.h
pthread_spinlock.c
ptimer1.c
ptimer2.c
ptimer3.c
ptimer4.c
p.txt
qtest1.c
qtest.c
Qt_prgming_book.chm
r
RAM_TEST
rd_init_patch.zip
rd_patch
rd_server_imx6
RD_SERVICE
Read
read1
read1.c
read_ahead
read_ahead.c
read.c
reader.c
readfifo.c
Readme
Readme.atops
Readmertc
Readme.systypes
Readme.txt
read.txt
Read.txt
readv
readv.c
Read_Write_Contact
recur.c
refs
Reg_From_patchtest_to_keralapds_78nos_on_190319.xls
Registartion_nd_Deregistration_procedure.docx
Registartion_nd_Deregistration_procedure.pdf
registering_40_devices_in_mhvisiontek_on_170819_1.xls
register.txt
REMOTE_CLIENT
remote_status.xml
remote_status.xml.~1~
REMOTE_STATUS.XML.~1~
remote_status.xml_1170
re.txt
rfid_practise
rhms
RHMS_BACKUP_CMD.sh
RHMS_PROJECT
rhms_projects_all_PDS_patches_information_and_rdv1.7.1_Updated_Data.xls
RHMS_PROJECT.tar.bz2
RHMS_review.xls
RHMS_RULES_FOR_DEVICES.ppt
rlimit.c
rot
rt5370sta_src.tar.bz2
rtc.c
run
run.sh
run.sh.bkp
ruta
rwlock
rw_wriprio.c
sample
sample.txt
sched
sched_param
sched_param.c
sched_scheduler.c
score.sh
Screenshot from 2018-10-12 11-02-02.png
sdcard_software_loding
SD.directory
SDK
search
section.c
selfdiag_loadtest_final
selfdiag_loadtest_final.tar.bz2
semcreate.c
sempost.c
semun.h
seperate_kerala.xls
serial_1.1
setclk.c
setmachineid
set_Machineid
sigabort.c
sigaction.c
sigalarm1.c
sigalarm.c
sigaltstack.c
sigblock.c
sigchld1.c
sigchld.c
sigcom1.c
sigcom.c
sigdefer.c
sigfd1.c
sigfd.c
sigign.c
siginfo.c
sigintr.c
signals
sigrestart.c
sigset1.c
sigset1.s
sigset2.c
sigset3.c
sigset4.c
sigset5.c
sigtwait2.c
sigtwait3.c
sigtwait.c
sigwait2.c
sigwait.c
simple_thread1.c
simple_thread.c
sindhu
sindhu.c
singlecopy
singlecopy.c
snap
source
sp1.c
sp2.c
sp3a.c
sp4a.c
sp4b.c
Speed
Speedtest
spek.c
splice
splice.c
src
srikakulam_ok.txt
srikakulam.txt
ssh_pos_on_pc
start_pc
startx
stcpt.sh
STDARGS.c
student.dat
svshm_xfr.h
svshm_xfr_reader.c
svshm_xfr_writer.c
sync
sync.c
sync_re.c
sys_fork
syslim.c
sysopen
sysread
taking_backup
temp_rootf_fs_IMX6
TEMP_ROOTFS
temp_rootfs_cmd
temp-rootfs.IMG
temp_rootfs_reduced
tes
test
test1
test1.c
test2
test3.c
test4.c
test.c
testfile
test.file
testing
test_script_for_sdcard_1.0.sh
TEST_SCRIPT_FOR_SDCARD.SH
TEST_SCRIPT_FOR_SDCARD_SH.BKP
Test_sshpass
tftpboot
thrcancel1.c
thrcancel2.c
thrcancel3.c
thread_incr_atomic.c
thread_incr.c
thread_incr_deadlock.c
thread_incr_mtx.c
thread_incr_psem.c
thr_shdata_abmon.c
thr_shdata.c
thr_shdata_sync.c
thr_shdata_syncmtx.c
tiffhandler.c
tifhandler.c
timer1.c
timer2.c
timerex1.c
timerex3.c
timerex.c
tools.txt
TotalDevicesReport24-01-2019_tsts.xls
TSTSTSTS
TT-Qt-4.7.4.tar.gz
tutorial.c
two.c
u03
uboot-password
uboot_password.tar.bz2
u-boot_src
ubuntu-session
ubuntu-session.list
ubuntu-session.md5sums
ui.c
underrun.c
unity
unitycontrol
unity-control-center
unused_result.c
Update_Application
update.sh
uploaded_to_PLM
usbsend
venu.txt
version
vim
viml.c
write
write1
write1.c
write.c
writefifo.c
writer.c
Write.txt
writev
writev.c
xml
xorg.conf.failsafe
xorg.conf.new
y
y.pub
ZBARCAM-READER-0.2

******* WELCOME PosDesk and PcDesk  Date: [ 04-09-2019 ]	 Time: [ 16:11:42 ] *******
ProjectName: ERROR
Machineid: 
Macid: ERROR
Uid: ERROR
AppType: ERROR
AppVersion: ERROR
U-boot: 
Kernel: 
Rootfs: 
FirmwareVersion: ERROR


Time: [ 16:11:44 ]	Command: [ ls ]	Status: [ Success ]
1
111806562552
1137_511_449
1362
1557
1610188445_________________________________
1617
1mydata.h
30042018_DPO_WLAN0_Batronics.tar.bz2
3g.txt
4G_3G_AGPS_TESTING_ALL
4G_3G_AGPS_TESTING_ALL.tar.bz2
4g.txt
94_patch_TLS.zip
access.c
ACK_FROM_SERVER.XML
ads_files
adsplay_ver.conf
affinity.c
agree
aio_read_write
aio_read_write.c
aio_read_write_list
aio_read_write_list.c
aligned.c
ALL_CAMERA
allinfo
allinfo1
allinfo2
ALL_MHPDS_DEVICES_LIST
alloc_brk.c
alloc.c
alloc_sbrk.c
all.txt
AMS
anon_mmap.c
ansilimits.c
anydesk_taken_serial_ids.txt
a.out
app
app.c
appds_device_details.xls
appds_iritech_patch_01032019.tar.bz2
appdskrishna_rhms_problem_IDs
appds_rhms_problem_IDs
appds_serial_numbers
APP_RHMS
APP_RHMS_BKP
ares_build.h
ares_dns.h
ares.h
ares_rules.h
ares_version.h
attr_sched1.c
attr_sched.c
attr_stack.c
autoapn
autoapn_5.0.2
autoapn_5.0.7
Backup_bhargav
barrier.c
Battery_Temp
bill
bill.tar.bz2
binary_sems.c
binary_sems.h
Bluetooth
bmphandler.c
books
branches
brk
buftest.c
build_maker_visiontek_1.1.sh
buildroot-2017.02.10
build-sample-pc-Debug
busybox
c
Californium.properties
call
call1
call1.c
call.c
cdpwd.c
chits.c
CHKFREED.c
cleanup
cleanup1
cleanup1.c
cleanup.c
client
clone1.c
clone2.c
clone3.c
CmsUpdate
common.c
common.h
common.o
confi.db1
config
config.c
config.txt
consistent.c
contents
Contents.txt
copy
copy.c
copysync
copysync.c
create
create.c
curl_command
DAILY_CVD_CHECKSUM_UPLOAD.sh
daily_cvd.md5
daily_report
deamon.c
defattrtib.c
demo
demo.c
Demo.txt
dep
deprecated.c
Dereg_From_patchtest_allversions_78nos_on_190319.xls
DEREGISTER_700_FROM_PATCHTEST.xls
Deregister_goapds_16_devices_from_patchtest_and_registering_in_goapds_on_240519.xls
deregistering_40_devices_from_goapds_and_registering_in_mhvisiontek_on_170819.xls
DEREGISTER_KASARAGODU_FROM_KPDS_390nos_ON_221218.xls
description
Desktop
destructor.c
detached_attrib.c
DeviceDetails07-02-2019_hpds.xls
dev_info.c
DevInfo.c
diff
direct.c
directio
directio.c
direct_read
direct_read.c
displayImage_SRC
dltest
dltest.c
dmesg
Download
Download_1.1_application
Download_dbs
download_imx25
DOWNLOAD_PROJECT
Downloads
Download.tar.bz2
dummy
dummy_file.txt
dyn_detach.c
dyn_join.c
epoll1.c
errchk.c
event_flags.c
event_flags.h
ex2.c
exec1.c
exec2.c
exec3.c
exec4.c
exec5.c
exer
F1.TXT
faq
field_rhms_patch.tar.bz2
file1
FILE1.TXT
filetype.c
find_system_break
find_system_break.c
Fino-PPP-LIB
Firmware
flock
FLOCK1
FLOCK1.c
FLOCK2
FLOCK2.c
FLOCK3
FLOCK3.c
flock.c
Foundations.of.Qt.Development.pdf
freescale-35.tar.gz
frk10.c
frk1.c
frk2.c
frk3.c
frk4.c
frk5.c
frk6.c
frk7.c
frk8.c
frk9.c
frkas1.c
frkas.c
frkfd.c
from_kermit
From_ssh
fs_stats
fs_stats.c
fstat
fstat.c
fstatcopy
fstatcopy.c
ftdi_sio.ko
ftok.c
funambol_dm_server_developer_guide.pdf
funambol_dm_server_developer_guide.ppt
getclk.c
get_week_num.c
gifhandler.c
gl11_gsm_send_read_SMS
GNANBHUMI
GNANBHUMI1
GNOME
gopal.txt
handlers.h
HEAD
hello
hole.c
hooks
ignorepend.c
imei
Imp_tars
IMX25_AutoConnectivity_4.4_Only_GSM
imx25_temp_rootfs.img
IMX25_TEMPS
IMX6_FW_UPDATE
imx6sl.dtsi
imx_iocon.ko
index.html
IN_FMS.txt
info
inline.c
inline.s
install.log
install.sh
Integrate_IMX25
Integrate_IMX6
iotypes
ipc
isu80.1
isu80.2
JDK.history
jpghandler.c
json
kerala_all_devices.xls
kerala_gsm.xls
kernel_src
killing
kk
kk.c
KKK.txt
kollam.txt
kollam.xls
KPDS-1.8
kpds_virus_patch
k.sh
l
ldd3_pdf.tar.bz2
leshan-client-demo.jar
leshan-server-demo.jar
lib
lib1.c
libab.a
liba.o
liba.so
libb.o
libb.so
lib.c
libgl11pos.so
lib.h
lib_imx25
lib.o
libsrc.c
libtest.c
libtest.cman
libxyz.so
linux-2.6.31_src_rt5370sta_src.zip
linux-3.0.35_lcd
Linux_backup.pdf
linux.mp4
LinuxPro
live_score.sh
lm80-p0436-7_f_410e_proc_apq8016e_device_spec.pdf
locker
locker.c
ls
lseek
lseek.c
machineid1.c
macid.c
mahesh_1604567856_21082018
main.c
main_cvd.md5
Makefile
Makefile.inc
mallinfo
mallinfo.c
malloc
malloc.c
malloc_stats
malloc_stats.c
malloc_status.c
malloc_tuning
malloc_tuning.c
malloc_tunning.c
malloc_usable_size
malloc_usable_size.c
mallopt.c
mama
mandl.c
mem1.c
mem2a.c
mem2b.c
mem4.c
mem51.c
memconst.h
meminfo.c
memkey.h
memlock
memlock.c
message_app_1.0
message_dbsample
MF1S50YYX_V1.pdf
mhintegra_till_now_connected_to_1.8_on_040619.xls
mhnagpur_till_now_connected_to_1.8_on_040619.xls
mhpds_all_devices_list_with_macid_and_connected_time.txt
mhpds_all_devices_list_with_macid_and_connected_time.xls
mhpds_device_details.xls
mhpds_macid.txt
mhpds.txt
mincore.c
mk2120ul-mgmtserv.log
mlockall.c
mlock.c
MLS
mmap
mmap1
mmap1.c
mmap2
mmap2.c
mmap3
mmap3.c
mmap4
mmap4.c
mmap5
mmap5.c
mmap.c
mmap_fullfile
mmap_fullfile.c
mmc
mosquitto
mosquitto_1.0_develp.tar.bz2
mosquitto_1.1_devolped.tar.bz2
mosquitto-1.4.8
mosquitto_patch
mosquitto.sh
mosquitto.tar.bz2
mosquitto_test
mosquitto_test_1.1
mqinfo.c
mq_notify_sig.c
mq_notify_sigwaitinfo.c
mq_notify_thread.c
msg_file_client.c
msgfile.h
msg_file_server.c
msgls.c
msgq1.c
msgq21.c
msgq22.c
msgq23.c
msgq2a.c
msgq2b.c
msgq3.c
msg_unlink.c
mtxmain.c
mtxmydata.h
mtxreader.c
mtxwriter.c
multi1
multi1.c
multi2
multi2.c
multi3
multi3.c
multi4
multi4.c
mydata.h
mydata.txt
myDrivers
mygit
mylib.c
mylib.o
myp
mytasks
Nating_from_internet.sh
new_src
non_locker
non_locker.c
nonnull.c
nooverrun.c
noreturn.c
note
notes
Notifier_1.2
Notifier_server
objects
occurence_report_1.0.sh
oldact.c
one.c
oom
oom.c
open
open.c
openssl
OPENSSL
openssl-1.0.1e
openssl-1.0.1e.tar.gz
opentftp
OPI22
ostypes
out
out.log
out.txt
OVERRUN.c
part1.c
patch
PATCH
patch-2.0.zip
PATCH_FOR_RUN_rhms
patch.md5
patch.tar.bz2
pathlim.c
pat.txt
pcxhandler.c
PERR.c
perror
perror.c
poll1
poll1.c
poll2
poll2.c
PosDesk
PosDesk.sh
posixlimits.c
_posix_man
posix_memaling.c
posixopts.c
POSIXVER.c
printer_hex_file
prio.c
priority1.c
priority.c
PRL.c
problem_appds
PROC1
PROC1.c
PROC2
PROC2.c
PROC3
PROC3.c
PROC41
PROC41.c
PROC42
PROC42.c
PROC51
PROC51.c
PROC52
PROC52.c
proclimits.c
procon.c
proconsyn.c
prod_condvar1.c
prod_condvar2.c
psem_getvalue.c
psem_timedwait.c
psem_trywait.c
psem_unlink.c
psem_wait.c
pshm_create.c
pshm_read.c
pshm_unlink.c
pshm_write.c
pthread_once.c
pthread_rwlock.c
pthread_seq.c
pthread_seq.h
pthread_spinlock.c
ptimer1.c
ptimer2.c
ptimer3.c
ptimer4.c
p.txt
qtest1.c
qtest.c
Qt_prgming_book.chm
r
RAM_TEST
rd_init_patch.zip
rd_patch
rd_server_imx6
RD_SERVICE
Read
read1
read1.c
read_ahead
read_ahead.c
read.c
reader.c
readfifo.c
Readme
Readme.atops
Readmertc
Readme.systypes
Readme.txt
read.txt
Read.txt
readv
readv.c
Read_Write_Contact
recur.c
refs
Reg_From_patchtest_to_keralapds_78nos_on_190319.xls
Registartion_nd_Deregistration_procedure.docx
Registartion_nd_Deregistration_procedure.pdf
registering_40_devices_in_mhvisiontek_on_170819_1.xls
register.txt
REMOTE_CLIENT
remote_status.xml
remote_status.xml.~1~
REMOTE_STATUS.XML.~1~
remote_status.xml_1170
re.txt
rfid_practise
rhms
RHMS_BACKUP_CMD.sh
RHMS_PROJECT
rhms_projects_all_PDS_patches_information_and_rdv1.7.1_Updated_Data.xls
RHMS_PROJECT.tar.bz2
RHMS_review.xls
RHMS_RULES_FOR_DEVICES.ppt
rlimit.c
rot
rt5370sta_src.tar.bz2
rtc.c
run
run.sh
run.sh.bkp
ruta
rwlock
rw_wriprio.c
sample
sample.txt
sched
sched_param
sched_param.c
sched_scheduler.c
score.sh
Screenshot from 2018-10-12 11-02-02.png
sdcard_software_loding
SD.directory
SDK
search
section.c
selfdiag_loadtest_final
selfdiag_loadtest_final.tar.bz2
semcreate.c
sempost.c
semun.h
seperate_kerala.xls
serial_1.1
setclk.c
setmachineid
set_Machineid
sigabort.c
sigaction.c
sigalarm1.c
sigalarm.c
sigaltstack.c
sigblock.c
sigchld1.c
sigchld.c
sigcom1.c
sigcom.c
sigdefer.c
sigfd1.c
sigfd.c
sigign.c
siginfo.c
sigintr.c
signals
sigrestart.c
sigset1.c
sigset1.s
sigset2.c
sigset3.c
sigset4.c
sigset5.c
sigtwait2.c
sigtwait3.c
sigtwait.c
sigwait2.c
sigwait.c
simple_thread1.c
simple_thread.c
sindhu
sindhu.c
singlecopy
singlecopy.c
snap
source
sp1.c
sp2.c
sp3a.c
sp4a.c
sp4b.c
Speed
Speedtest
spek.c
splice
splice.c
src
srikakulam_ok.txt
srikakulam.txt
ssh_pos_on_pc
start_pc
startx
stcpt.sh
STDARGS.c
student.dat
svshm_xfr.h
svshm_xfr_reader.c
svshm_xfr_writer.c
sync
sync.c
sync_re.c
sys_fork
syslim.c
sysopen
sysread
taking_backup
temp_rootf_fs_IMX6
TEMP_ROOTFS
temp_rootfs_cmd
temp-rootfs.IMG
temp_rootfs_reduced
tes
test
test1
test1.c
test2
test3.c
test4.c
test.c
testfile
test.file
testing
test_script_for_sdcard_1.0.sh
TEST_SCRIPT_FOR_SDCARD.SH
TEST_SCRIPT_FOR_SDCARD_SH.BKP
Test_sshpass
tftpboot
thrcancel1.c
thrcancel2.c
thrcancel3.c
thread_incr_atomic.c
thread_incr.c
thread_incr_deadlock.c
thread_incr_mtx.c
thread_incr_psem.c
thr_shdata_abmon.c
thr_shdata.c
thr_shdata_sync.c
thr_shdata_syncmtx.c
tiffhandler.c
tifhandler.c
timer1.c
timer2.c
timerex1.c
timerex3.c
timerex.c
tools.txt
TotalDevicesReport24-01-2019_tsts.xls
TSTSTSTS
TT-Qt-4.7.4.tar.gz
tutorial.c
two.c
u03
uboot-password
uboot_password.tar.bz2
u-boot_src
ubuntu-session
ubuntu-session.list
ubuntu-session.md5sums
ui.c
underrun.c
unity
unitycontrol
unity-control-center
unused_result.c
Update_Application
update.sh
uploaded_to_PLM
usbsend
venu.txt
version
vim
viml.c
write
write1
write1.c
write.c
writefifo.c
writer.c
Write.txt
writev
writev.c
xml
xorg.conf.failsafe
xorg.conf.new
y
y.pub
ZBARCAM-READER-0.2


Time: [ 16:11:54 ]	Command: [ ls ]	Status: [ Success ]
1
111806562552
1137_511_449
1362
1557
1610188445_________________________________
1617
1mydata.h
30042018_DPO_WLAN0_Batronics.tar.bz2
3g.txt
4G_3G_AGPS_TESTING_ALL
4G_3G_AGPS_TESTING_ALL.tar.bz2
4g.txt
94_patch_TLS.zip
access.c
ACK_FROM_SERVER.XML
ads_files
adsplay_ver.conf
affinity.c
agree
aio_read_write
aio_read_write.c
aio_read_write_list
aio_read_write_list.c
aligned.c
ALL_CAMERA
allinfo
allinfo1
allinfo2
ALL_MHPDS_DEVICES_LIST
alloc_brk.c
alloc.c
alloc_sbrk.c
all.txt
AMS
anon_mmap.c
ansilimits.c
anydesk_taken_serial_ids.txt
a.out
app
app.c
appds_device_details.xls
appds_iritech_patch_01032019.tar.bz2
appdskrishna_rhms_problem_IDs
appds_rhms_problem_IDs
appds_serial_numbers
APP_RHMS
APP_RHMS_BKP
ares_build.h
ares_dns.h
ares.h
ares_rules.h
ares_version.h
attr_sched1.c
attr_sched.c
attr_stack.c
autoapn
autoapn_5.0.2
autoapn_5.0.7
Backup_bhargav
barrier.c
Battery_Temp
bill
bill.tar.bz2
binary_sems.c
binary_sems.h
Bluetooth
bmphandler.c
books
branches
brk
buftest.c
build_maker_visiontek_1.1.sh
buildroot-2017.02.10
build-sample-pc-Debug
busybox
c
Californium.properties
call
call1
call1.c
call.c
cdpwd.c
chits.c
CHKFREED.c
cleanup
cleanup1
cleanup1.c
cleanup.c
client
clone1.c
clone2.c
clone3.c
CmsUpdate
common.c
common.h
common.o
confi.db1
config
config.c
config.txt
consistent.c
contents
Contents.txt
copy
copy.c
copysync
copysync.c
create
create.c
curl_command
DAILY_CVD_CHECKSUM_UPLOAD.sh
daily_cvd.md5
daily_report
deamon.c
defattrtib.c
demo
demo.c
Demo.txt
dep
deprecated.c
Dereg_From_patchtest_allversions_78nos_on_190319.xls
DEREGISTER_700_FROM_PATCHTEST.xls
Deregister_goapds_16_devices_from_patchtest_and_registering_in_goapds_on_240519.xls
deregistering_40_devices_from_goapds_and_registering_in_mhvisiontek_on_170819.xls
DEREGISTER_KASARAGODU_FROM_KPDS_390nos_ON_221218.xls
description
Desktop
destructor.c
detached_attrib.c
DeviceDetails07-02-2019_hpds.xls
dev_info.c
DevInfo.c
diff
direct.c
directio
directio.c
direct_read
direct_read.c
displayImage_SRC
dltest
dltest.c
dmesg
Download
Download_1.1_application
Download_dbs
download_imx25
DOWNLOAD_PROJECT
Downloads
Download.tar.bz2
dummy
dummy_file.txt
dyn_detach.c
dyn_join.c
epoll1.c
errchk.c
event_flags.c
event_flags.h
ex2.c
exec1.c
exec2.c
exec3.c
exec4.c
exec5.c
exer
F1.TXT
faq
field_rhms_patch.tar.bz2
file1
FILE1.TXT
filetype.c
find_system_break
find_system_break.c
Fino-PPP-LIB
Firmware
flock
FLOCK1
FLOCK1.c
FLOCK2
FLOCK2.c
FLOCK3
FLOCK3.c
flock.c
Foundations.of.Qt.Development.pdf
freescale-35.tar.gz
frk10.c
frk1.c
frk2.c
frk3.c
frk4.c
frk5.c
frk6.c
frk7.c
frk8.c
frk9.c
frkas1.c
frkas.c
frkfd.c
from_kermit
From_ssh
fs_stats
fs_stats.c
fstat
fstat.c
fstatcopy
fstatcopy.c
ftdi_sio.ko
ftok.c
funambol_dm_server_developer_guide.pdf
funambol_dm_server_developer_guide.ppt
getclk.c
get_week_num.c
gifhandler.c
gl11_gsm_send_read_SMS
GNANBHUMI
GNANBHUMI1
GNOME
gopal.txt
handlers.h
HEAD
hello
hole.c
hooks
ignorepend.c
imei
Imp_tars
IMX25_AutoConnectivity_4.4_Only_GSM
imx25_temp_rootfs.img
IMX25_TEMPS
IMX6_FW_UPDATE
imx6sl.dtsi
imx_iocon.ko
index.html
IN_FMS.txt
info
inline.c
inline.s
install.log
install.sh
Integrate_IMX25
Integrate_IMX6
iotypes
ipc
isu80.1
isu80.2
JDK.history
jpghandler.c
json
kerala_all_devices.xls
kerala_gsm.xls
kernel_src
killing
kk
kk.c
KKK.txt
kollam.txt
kollam.xls
KPDS-1.8
kpds_virus_patch
k.sh
l
ldd3_pdf.tar.bz2
leshan-client-demo.jar
leshan-server-demo.jar
lib
lib1.c
libab.a
liba.o
liba.so
libb.o
libb.so
lib.c
libgl11pos.so
lib.h
lib_imx25
lib.o
libsrc.c
libtest.c
libtest.cman
libxyz.so
linux-2.6.31_src_rt5370sta_src.zip
linux-3.0.35_lcd
Linux_backup.pdf
linux.mp4
LinuxPro
live_score.sh
lm80-p0436-7_f_410e_proc_apq8016e_device_spec.pdf
locker
locker.c
ls
lseek
lseek.c
machineid1.c
macid.c
mahesh_1604567856_21082018
main.c
main_cvd.md5
Makefile
Makefile.inc
mallinfo
mallinfo.c
malloc
malloc.c
malloc_stats
malloc_stats.c
malloc_status.c
malloc_tuning
malloc_tuning.c
malloc_tunning.c
malloc_usable_size
malloc_usable_size.c
mallopt.c
mama
mandl.c
mem1.c
mem2a.c
mem2b.c
mem4.c
mem51.c
memconst.h
meminfo.c
memkey.h
memlock
memlock.c
message_app_1.0
message_dbsample
MF1S50YYX_V1.pdf
mhintegra_till_now_connected_to_1.8_on_040619.xls
mhnagpur_till_now_connected_to_1.8_on_040619.xls
mhpds_all_devices_list_with_macid_and_connected_time.txt
mhpds_all_devices_list_with_macid_and_connected_time.xls
mhpds_device_details.xls
mhpds_macid.txt
mhpds.txt
mincore.c
mk2120ul-mgmtserv.log
mlockall.c
mlock.c
MLS
mmap
mmap1
mmap1.c
mmap2
mmap2.c
mmap3
mmap3.c
mmap4
mmap4.c
mmap5
mmap5.c
mmap.c
mmap_fullfile
mmap_fullfile.c
mmc
mosquitto
mosquitto_1.0_develp.tar.bz2
mosquitto_1.1_devolped.tar.bz2
mosquitto-1.4.8
mosquitto_patch
mosquitto.sh
mosquitto.tar.bz2
mosquitto_test
mosquitto_test_1.1
mqinfo.c
mq_notify_sig.c
mq_notify_sigwaitinfo.c
mq_notify_thread.c
msg_file_client.c
msgfile.h
msg_file_server.c
msgls.c
msgq1.c
msgq21.c
msgq22.c
msgq23.c
msgq2a.c
msgq2b.c
msgq3.c
msg_unlink.c
mtxmain.c
mtxmydata.h
mtxreader.c
mtxwriter.c
multi1
multi1.c
multi2
multi2.c
multi3
multi3.c
multi4
multi4.c
mydata.h
mydata.txt
myDrivers
mygit
mylib.c
mylib.o
myp
mytasks
Nating_from_internet.sh
new_src
non_locker
non_locker.c
nonnull.c
nooverrun.c
noreturn.c
note
notes
Notifier_1.2
Notifier_server
objects
occurence_report_1.0.sh
oldact.c
one.c
oom
oom.c
open
open.c
openssl
OPENSSL
openssl-1.0.1e
openssl-1.0.1e.tar.gz
opentftp
OPI22
ostypes
out
out.log
out.txt
OVERRUN.c
part1.c
patch
PATCH
patch-2.0.zip
PATCH_FOR_RUN_rhms
patch.md5
patch.tar.bz2
pathlim.c
pat.txt
pcxhandler.c
PERR.c
perror
perror.c
poll1
poll1.c
poll2
poll2.c
PosDesk
PosDesk.sh
posixlimits.c
_posix_man
posix_memaling.c
posixopts.c
POSIXVER.c
printer_hex_file
prio.c
priority1.c
priority.c
PRL.c
problem_appds
PROC1
PROC1.c
PROC2
PROC2.c
PROC3
PROC3.c
PROC41
PROC41.c
PROC42
PROC42.c
PROC51
PROC51.c
PROC52
PROC52.c
proclimits.c
procon.c
proconsyn.c
prod_condvar1.c
prod_condvar2.c
psem_getvalue.c
psem_timedwait.c
psem_trywait.c
psem_unlink.c
psem_wait.c
pshm_create.c
pshm_read.c
pshm_unlink.c
pshm_write.c
pthread_once.c
pthread_rwlock.c
pthread_seq.c
pthread_seq.h
pthread_spinlock.c
ptimer1.c
ptimer2.c
ptimer3.c
ptimer4.c
p.txt
qtest1.c
qtest.c
Qt_prgming_book.chm
r
RAM_TEST
rd_init_patch.zip
rd_patch
rd_server_imx6
RD_SERVICE
Read
read1
read1.c
read_ahead
read_ahead.c
read.c
reader.c
readfifo.c
Readme
Readme.atops
Readmertc
Readme.systypes
Readme.txt
read.txt
Read.txt
readv
readv.c
Read_Write_Contact
recur.c
refs
Reg_From_patchtest_to_keralapds_78nos_on_190319.xls
Registartion_nd_Deregistration_procedure.docx
Registartion_nd_Deregistration_procedure.pdf
registering_40_devices_in_mhvisiontek_on_170819_1.xls
register.txt
REMOTE_CLIENT
remote_status.xml
remote_status.xml.~1~
REMOTE_STATUS.XML.~1~
remote_status.xml_1170
re.txt
rfid_practise
rhms
RHMS_BACKUP_CMD.sh
RHMS_PROJECT
rhms_projects_all_PDS_patches_information_and_rdv1.7.1_Updated_Data.xls
RHMS_PROJECT.tar.bz2
RHMS_review.xls
RHMS_RULES_FOR_DEVICES.ppt
rlimit.c
rot
rt5370sta_src.tar.bz2
rtc.c
run
run.sh
run.sh.bkp
ruta
rwlock
rw_wriprio.c
sample
sample.txt
sched
sched_param
sched_param.c
sched_scheduler.c
score.sh
Screenshot from 2018-10-12 11-02-02.png
sdcard_software_loding
SD.directory
SDK
search
section.c
selfdiag_loadtest_final
selfdiag_loadtest_final.tar.bz2
semcreate.c
sempost.c
semun.h
seperate_kerala.xls
serial_1.1
setclk.c
setmachineid
set_Machineid
sigabort.c
sigaction.c
sigalarm1.c
sigalarm.c
sigaltstack.c
sigblock.c
sigchld1.c
sigchld.c
sigcom1.c
sigcom.c
sigdefer.c
sigfd1.c
sigfd.c
sigign.c
siginfo.c
sigintr.c
signals
sigrestart.c
sigset1.c
sigset1.s
sigset2.c
sigset3.c
sigset4.c
sigset5.c
sigtwait2.c
sigtwait3.c
sigtwait.c
sigwait2.c
sigwait.c
simple_thread1.c
simple_thread.c
sindhu
sindhu.c
singlecopy
singlecopy.c
snap
source
sp1.c
sp2.c
sp3a.c
sp4a.c
sp4b.c
Speed
Speedtest
spek.c
splice
splice.c
src
srikakulam_ok.txt
srikakulam.txt
ssh_pos_on_pc
start_pc
startx
stcpt.sh
STDARGS.c
student.dat
svshm_xfr.h
svshm_xfr_reader.c
svshm_xfr_writer.c
sync
sync.c
sync_re.c
sys_fork
syslim.c
sysopen
sysread
taking_backup
temp_rootf_fs_IMX6
TEMP_ROOTFS
temp_rootfs_cmd
temp-rootfs.IMG
temp_rootfs_reduced
tes
test
test1
test1.c
test2
test3.c
test4.c
test.c
testfile
test.file
testing
test_script_for_sdcard_1.0.sh
TEST_SCRIPT_FOR_SDCARD.SH
TEST_SCRIPT_FOR_SDCARD_SH.BKP
Test_sshpass
tftpboot
thrcancel1.c
thrcancel2.c
thrcancel3.c
thread_incr_atomic.c
thread_incr.c
thread_incr_deadlock.c
thread_incr_mtx.c
thread_incr_psem.c
thr_shdata_abmon.c
thr_shdata.c
thr_shdata_sync.c
thr_shdata_syncmtx.c
tiffhandler.c
tifhandler.c
timer1.c
timer2.c
timerex1.c
timerex3.c
timerex.c
tools.txt
TotalDevicesReport24-01-2019_tsts.xls
TSTSTSTS
TT-Qt-4.7.4.tar.gz
tutorial.c
two.c
u03
uboot-password
uboot_password.tar.bz2
u-boot_src
ubuntu-session
ubuntu-session.list
ubuntu-session.md5sums
ui.c
underrun.c
unity
unitycontrol
unity-control-center
unused_result.c
Update_Application
update.sh
uploaded_to_PLM
usbsend
venu.txt
version
vim
viml.c
write
write1
write1.c
write.c
writefifo.c
writer.c
Write.txt
writev
writev.c
xml
xorg.conf.failsafe
xorg.conf.new
y
y.pub
ZBARCAM-READER-0.2


Time: [ 16:11:55 ]	Command: [ ls ]	Status: [ Success ]
1
111806562552
1137_511_449
1362
1557
1610188445_________________________________
1617
1mydata.h
30042018_DPO_WLAN0_Batronics.tar.bz2
3g.txt
4G_3G_AGPS_TESTING_ALL
4G_3G_AGPS_TESTING_ALL.tar.bz2
4g.txt
94_patch_TLS.zip
access.c
ACK_FROM_SERVER.XML
ads_files
adsplay_ver.conf
affinity.c
agree
aio_read_write
aio_read_write.c
aio_read_write_list
aio_read_write_list.c
aligned.c
ALL_CAMERA
allinfo
allinfo1
allinfo2
ALL_MHPDS_DEVICES_LIST
alloc_brk.c
alloc.c
alloc_sbrk.c
all.txt
AMS
anon_mmap.c
ansilimits.c
anydesk_taken_serial_ids.txt
a.out
app
app.c
appds_device_details.xls
appds_iritech_patch_01032019.tar.bz2
appdskrishna_rhms_problem_IDs
appds_rhms_problem_IDs
appds_serial_numbers
APP_RHMS
APP_RHMS_BKP
ares_build.h
ares_dns.h
ares.h
ares_rules.h
ares_version.h
attr_sched1.c
attr_sched.c
attr_stack.c
autoapn
autoapn_5.0.2
autoapn_5.0.7
Backup_bhargav
barrier.c
Battery_Temp
bill
bill.tar.bz2
binary_sems.c
binary_sems.h
Bluetooth
bmphandler.c
books
branches
brk
buftest.c
build_maker_visiontek_1.1.sh
buildroot-2017.02.10
build-sample-pc-Debug
busybox
c
Californium.properties
call
call1
call1.c
call.c
cdpwd.c
chits.c
CHKFREED.c
cleanup
cleanup1
cleanup1.c
cleanup.c
client
clone1.c
clone2.c
clone3.c
CmsUpdate
common.c
common.h
common.o
confi.db1
config
config.c
config.txt
consistent.c
contents
Contents.txt
copy
copy.c
copysync
copysync.c
create
create.c
curl_command
DAILY_CVD_CHECKSUM_UPLOAD.sh
daily_cvd.md5
daily_report
deamon.c
defattrtib.c
demo
demo.c
Demo.txt
dep
deprecated.c
Dereg_From_patchtest_allversions_78nos_on_190319.xls
DEREGISTER_700_FROM_PATCHTEST.xls
Deregister_goapds_16_devices_from_patchtest_and_registering_in_goapds_on_240519.xls
deregistering_40_devices_from_goapds_and_registering_in_mhvisiontek_on_170819.xls
DEREGISTER_KASARAGODU_FROM_KPDS_390nos_ON_221218.xls
description
Desktop
destructor.c
detached_attrib.c
DeviceDetails07-02-2019_hpds.xls
dev_info.c
DevInfo.c
diff
direct.c
directio
directio.c
direct_read
direct_read.c
displayImage_SRC
dltest
dltest.c
dmesg
Download
Download_1.1_application
Download_dbs
download_imx25
DOWNLOAD_PROJECT
Downloads
Download.tar.bz2
dummy
dummy_file.txt
dyn_detach.c
dyn_join.c
epoll1.c
errchk.c
event_flags.c
event_flags.h
ex2.c
exec1.c
exec2.c
exec3.c
exec4.c
exec5.c
exer
F1.TXT
faq
field_rhms_patch.tar.bz2
file1
FILE1.TXT
filetype.c
find_system_break
find_system_break.c
Fino-PPP-LIB
Firmware
flock
FLOCK1
FLOCK1.c
FLOCK2
FLOCK2.c
FLOCK3
FLOCK3.c
flock.c
Foundations.of.Qt.Development.pdf
freescale-35.tar.gz
frk10.c
frk1.c
frk2.c
frk3.c
frk4.c
frk5.c
frk6.c
frk7.c
frk8.c
frk9.c
frkas1.c
frkas.c
frkfd.c
from_kermit
From_ssh
fs_stats
fs_stats.c
fstat
fstat.c
fstatcopy
fstatcopy.c
ftdi_sio.ko
ftok.c
funambol_dm_server_developer_guide.pdf
funambol_dm_server_developer_guide.ppt
getclk.c
get_week_num.c
gifhandler.c
gl11_gsm_send_read_SMS
GNANBHUMI
GNANBHUMI1
GNOME
gopal.txt
handlers.h
HEAD
hello
hole.c
hooks
ignorepend.c
imei
Imp_tars
IMX25_AutoConnectivity_4.4_Only_GSM
imx25_temp_rootfs.img
IMX25_TEMPS
IMX6_FW_UPDATE
imx6sl.dtsi
imx_iocon.ko
index.html
IN_FMS.txt
info
inline.c
inline.s
install.log
install.sh
Integrate_IMX25
Integrate_IMX6
iotypes
ipc
isu80.1
isu80.2
JDK.history
jpghandler.c
json
kerala_all_devices.xls
kerala_gsm.xls
kernel_src
killing
kk
kk.c
KKK.txt
kollam.txt
kollam.xls
KPDS-1.8
kpds_virus_patch
k.sh
l
ldd3_pdf.tar.bz2
leshan-client-demo.jar
leshan-server-demo.jar
lib
lib1.c
libab.a
liba.o
liba.so
libb.o
libb.so
lib.c
libgl11pos.so
lib.h
lib_imx25
lib.o
libsrc.c
libtest.c
libtest.cman
libxyz.so
linux-2.6.31_src_rt5370sta_src.zip
linux-3.0.35_lcd
Linux_backup.pdf
linux.mp4
LinuxPro
live_score.sh
lm80-p0436-7_f_410e_proc_apq8016e_device_spec.pdf
locker
locker.c
ls
lseek
lseek.c
machineid1.c
macid.c
mahesh_1604567856_21082018
main.c
main_cvd.md5
Makefile
Makefile.inc
mallinfo
mallinfo.c
malloc
malloc.c
malloc_stats
malloc_stats.c
malloc_status.c
malloc_tuning
malloc_tuning.c
malloc_tunning.c
malloc_usable_size
malloc_usable_size.c
mallopt.c
mama
mandl.c
mem1.c
mem2a.c
mem2b.c
mem4.c
mem51.c
memconst.h
meminfo.c
memkey.h
memlock
memlock.c
message_app_1.0
message_dbsample
MF1S50YYX_V1.pdf
mhintegra_till_now_connected_to_1.8_on_040619.xls
mhnagpur_till_now_connected_to_1.8_on_040619.xls
mhpds_all_devices_list_with_macid_and_connected_time.txt
mhpds_all_devices_list_with_macid_and_connected_time.xls
mhpds_device_details.xls
mhpds_macid.txt
mhpds.txt
mincore.c
mk2120ul-mgmtserv.log
mlockall.c
mlock.c
MLS
mmap
mmap1
mmap1.c
mmap2
mmap2.c
mmap3
mmap3.c
mmap4
mmap4.c
mmap5
mmap5.c
mmap.c
mmap_fullfile
mmap_fullfile.c
mmc
mosquitto
mosquitto_1.0_develp.tar.bz2
mosquitto_1.1_devolped.tar.bz2
mosquitto-1.4.8
mosquitto_patch
mosquitto.sh
mosquitto.tar.bz2
mosquitto_test
mosquitto_test_1.1
mqinfo.c
mq_notify_sig.c
mq_notify_sigwaitinfo.c
mq_notify_thread.c
msg_file_client.c
msgfile.h
msg_file_server.c
msgls.c
msgq1.c
msgq21.c
msgq22.c
msgq23.c
msgq2a.c
msgq2b.c
msgq3.c
msg_unlink.c
mtxmain.c
mtxmydata.h
mtxreader.c
mtxwriter.c
multi1
multi1.c
multi2
multi2.c
multi3
multi3.c
multi4
multi4.c
mydata.h
mydata.txt
myDrivers
mygit
mylib.c
mylib.o
myp
mytasks
Nating_from_internet.sh
new_src
non_locker
non_locker.c
nonnull.c
nooverrun.c
noreturn.c
note
notes
Notifier_1.2
Notifier_server
objects
occurence_report_1.0.sh
oldact.c
one.c
oom
oom.c
open
open.c
openssl
OPENSSL
openssl-1.0.1e
openssl-1.0.1e.tar.gz
opentftp
OPI22
ostypes
out
out.log
out.txt
OVERRUN.c
part1.c
patch
PATCH
patch-2.0.zip
PATCH_FOR_RUN_rhms
patch.md5
patch.tar.bz2
pathlim.c
pat.txt
pcxhandler.c
PERR.c
perror
perror.c
poll1
poll1.c
poll2
poll2.c
PosDesk
PosDesk.sh
posixlimits.c
_posix_man
posix_memaling.c
posixopts.c
POSIXVER.c
printer_hex_file
prio.c
priority1.c
priority.c
PRL.c
problem_appds
PROC1
PROC1.c
PROC2
PROC2.c
PROC3
PROC3.c
PROC41
PROC41.c
PROC42
PROC42.c
PROC51
PROC51.c
PROC52
PROC52.c
proclimits.c
procon.c
proconsyn.c
prod_condvar1.c
prod_condvar2.c
psem_getvalue.c
psem_timedwait.c
psem_trywait.c
psem_unlink.c
psem_wait.c
pshm_create.c
pshm_read.c
pshm_unlink.c
pshm_write.c
pthread_once.c
pthread_rwlock.c
pthread_seq.c
pthread_seq.h
pthread_spinlock.c
ptimer1.c
ptimer2.c
ptimer3.c
ptimer4.c
p.txt
qtest1.c
qtest.c
Qt_prgming_book.chm
r
RAM_TEST
rd_init_patch.zip
rd_patch
rd_server_imx6
RD_SERVICE
Read
read1
read1.c
read_ahead
read_ahead.c
read.c
reader.c
readfifo.c
Readme
Readme.atops
Readmertc
Readme.systypes
Readme.txt
read.txt
Read.txt
readv
readv.c
Read_Write_Contact
recur.c
refs
Reg_From_patchtest_to_keralapds_78nos_on_190319.xls
Registartion_nd_Deregistration_procedure.docx
Registartion_nd_Deregistration_procedure.pdf
registering_40_devices_in_mhvisiontek_on_170819_1.xls
register.txt
REMOTE_CLIENT
remote_status.xml
remote_status.xml.~1~
REMOTE_STATUS.XML.~1~
remote_status.xml_1170
re.txt
rfid_practise
rhms
RHMS_BACKUP_CMD.sh
RHMS_PROJECT
rhms_projects_all_PDS_patches_information_and_rdv1.7.1_Updated_Data.xls
RHMS_PROJECT.tar.bz2
RHMS_review.xls
RHMS_RULES_FOR_DEVICES.ppt
rlimit.c
rot
rt5370sta_src.tar.bz2
rtc.c
run
run.sh
run.sh.bkp
ruta
rwlock
rw_wriprio.c
sample
sample.txt
sched
sched_param
sched_param.c
sched_scheduler.c
score.sh
Screenshot from 2018-10-12 11-02-02.png
sdcard_software_loding
SD.directory
SDK
search
section.c
selfdiag_loadtest_final
selfdiag_loadtest_final.tar.bz2
semcreate.c
sempost.c
semun.h
seperate_kerala.xls
serial_1.1
setclk.c
setmachineid
set_Machineid
sigabort.c
sigaction.c
sigalarm1.c
sigalarm.c
sigaltstack.c
sigblock.c
sigchld1.c
sigchld.c
sigcom1.c
sigcom.c
sigdefer.c
sigfd1.c
sigfd.c
sigign.c
siginfo.c
sigintr.c
signals
sigrestart.c
sigset1.c
sigset1.s
sigset2.c
sigset3.c
sigset4.c
sigset5.c
sigtwait2.c
sigtwait3.c
sigtwait.c
sigwait2.c
sigwait.c
simple_thread1.c
simple_thread.c
sindhu
sindhu.c
singlecopy
singlecopy.c
snap
source
sp1.c
sp2.c
sp3a.c
sp4a.c
sp4b.c
Speed
Speedtest
spek.c
splice
splice.c
src
srikakulam_ok.txt
srikakulam.txt
ssh_pos_on_pc
start_pc
startx
stcpt.sh
STDARGS.c
student.dat
svshm_xfr.h
svshm_xfr_reader.c
svshm_xfr_writer.c
sync
sync.c
sync_re.c
sys_fork
syslim.c
sysopen
sysread
taking_backup
temp_rootf_fs_IMX6
TEMP_ROOTFS
temp_rootfs_cmd
temp-rootfs.IMG
temp_rootfs_reduced
tes
test
test1
test1.c
test2
test3.c
test4.c
test.c
testfile
test.file
testing
test_script_for_sdcard_1.0.sh
TEST_SCRIPT_FOR_SDCARD.SH
TEST_SCRIPT_FOR_SDCARD_SH.BKP
Test_sshpass
tftpboot
thrcancel1.c
thrcancel2.c
thrcancel3.c
thread_incr_atomic.c
thread_incr.c
thread_incr_deadlock.c
thread_incr_mtx.c
thread_incr_psem.c
thr_shdata_abmon.c
thr_shdata.c
thr_shdata_sync.c
thr_shdata_syncmtx.c
tiffhandler.c
tifhandler.c
timer1.c
timer2.c
timerex1.c
timerex3.c
timerex.c
tools.txt
TotalDevicesReport24-01-2019_tsts.xls
TSTSTSTS
TT-Qt-4.7.4.tar.gz
tutorial.c
two.c
u03
uboot-password
uboot_password.tar.bz2
u-boot_src
ubuntu-session
ubuntu-session.list
ubuntu-session.md5sums
ui.c
underrun.c
unity
unitycontrol
unity-control-center
unused_result.c
Update_Application
update.sh
uploaded_to_PLM
usbsend
venu.txt
version
vim
viml.c
write
write1
write1.c
write.c
writefifo.c
writer.c
Write.txt
writev
writev.c
xml
xorg.conf.failsafe
xorg.conf.new
y
y.pub
ZBARCAM-READER-0.2

******* WELCOME PosDesk and PcDesk  Date: [ 04-09-2019 ]	 Time: [ 16:14:14 ] *******
ProjectName: ERROR
Machineid: 
Macid: ERROR
Uid: ERROR
AppType: ERROR
AppVersion: ERROR
U-boot: 
Kernel: 
Rootfs: 
FirmwareVersion: ERROR


Time: [ 16:14:18 ]	Command: [ ls ]	Status: [ Success ]
1
111806562552
1137_511_449
1362
1557
1610188445_________________________________
1617
1mydata.h
30042018_DPO_WLAN0_Batronics.tar.bz2
3g.txt
4G_3G_AGPS_TESTING_ALL
4G_3G_AGPS_TESTING_ALL.tar.bz2
4g.txt
94_patch_TLS.zip
access.c
ACK_FROM_SERVER.XML
ads_files
adsplay_ver.conf
affinity.c
agree
aio_read_write
aio_read_write.c
aio_read_write_list
aio_read_write_list.c
aligned.c
ALL_CAMERA
allinfo
allinfo1
allinfo2
ALL_MHPDS_DEVICES_LIST
alloc_brk.c
alloc.c
alloc_sbrk.c
all.txt
AMS
anon_mmap.c
ansilimits.c
anydesk_taken_serial_ids.txt
a.out
app
app.c
appds_device_details.xls
appds_iritech_patch_01032019.tar.bz2
appdskrishna_rhms_problem_IDs
appds_rhms_problem_IDs
appds_serial_numbers
APP_RHMS
APP_RHMS_BKP
ares_build.h
ares_dns.h
ares.h
ares_rules.h
ares_version.h
attr_sched1.c
attr_sched.c
attr_stack.c
autoapn
autoapn_5.0.2
autoapn_5.0.7
Backup_bhargav
barrier.c
Battery_Temp
bill
bill.tar.bz2
binary_sems.c
binary_sems.h
Bluetooth
bmphandler.c
books
branches
brk
buftest.c
build_maker_visiontek_1.1.sh
buildroot-2017.02.10
build-sample-pc-Debug
busybox
c
Californium.properties
call
call1
call1.c
call.c
cdpwd.c
chits.c
CHKFREED.c
cleanup
cleanup1
cleanup1.c
cleanup.c
client
clone1.c
clone2.c
clone3.c
CmsUpdate
common.c
common.h
common.o
confi.db1
config
config.c
config.txt
consistent.c
contents
Contents.txt
copy
copy.c
copysync
copysync.c
create
create.c
curl_command
DAILY_CVD_CHECKSUM_UPLOAD.sh
daily_cvd.md5
daily_report
deamon.c
defattrtib.c
demo
demo.c
Demo.txt
dep
deprecated.c
Dereg_From_patchtest_allversions_78nos_on_190319.xls
DEREGISTER_700_FROM_PATCHTEST.xls
Deregister_goapds_16_devices_from_patchtest_and_registering_in_goapds_on_240519.xls
deregistering_40_devices_from_goapds_and_registering_in_mhvisiontek_on_170819.xls
DEREGISTER_KASARAGODU_FROM_KPDS_390nos_ON_221218.xls
description
Desktop
destructor.c
detached_attrib.c
DeviceDetails07-02-2019_hpds.xls
dev_info.c
DevInfo.c
diff
direct.c
directio
directio.c
direct_read
direct_read.c
displayImage_SRC
dltest
dltest.c
dmesg
Download
Download_1.1_application
Download_dbs
download_imx25
DOWNLOAD_PROJECT
Downloads
Download.tar.bz2
dummy
dummy_file.txt
dyn_detach.c
dyn_join.c
epoll1.c
errchk.c
event_flags.c
event_flags.h
ex2.c
exec1.c
exec2.c
exec3.c
exec4.c
exec5.c
exer
F1.TXT
faq
field_rhms_patch.tar.bz2
file1
FILE1.TXT
filetype.c
find_system_break
find_system_break.c
Fino-PPP-LIB
Firmware
flock
FLOCK1
FLOCK1.c
FLOCK2
FLOCK2.c
FLOCK3
FLOCK3.c
flock.c
Foundations.of.Qt.Development.pdf
freescale-35.tar.gz
frk10.c
frk1.c
frk2.c
frk3.c
frk4.c
frk5.c
frk6.c
frk7.c
frk8.c
frk9.c
frkas1.c
frkas.c
frkfd.c
from_kermit
From_ssh
fs_stats
fs_stats.c
fstat
fstat.c
fstatcopy
fstatcopy.c
ftdi_sio.ko
ftok.c
funambol_dm_server_developer_guide.pdf
funambol_dm_server_developer_guide.ppt
getclk.c
get_week_num.c
gifhandler.c
gl11_gsm_send_read_SMS
GNANBHUMI
GNANBHUMI1
GNOME
gopal.txt
handlers.h
HEAD
hello
hole.c
hooks
ignorepend.c
imei
Imp_tars
IMX25_AutoConnectivity_4.4_Only_GSM
imx25_temp_rootfs.img
IMX25_TEMPS
IMX6_FW_UPDATE
imx6sl.dtsi
imx_iocon.ko
index.html
IN_FMS.txt
info
inline.c
inline.s
install.log
install.sh
Integrate_IMX25
Integrate_IMX6
iotypes
ipc
isu80.1
isu80.2
JDK.history
jpghandler.c
json
kerala_all_devices.xls
kerala_gsm.xls
kernel_src
killing
kk
kk.c
KKK.txt
kollam.txt
kollam.xls
KPDS-1.8
kpds_virus_patch
k.sh
l
ldd3_pdf.tar.bz2
leshan-client-demo.jar
leshan-server-demo.jar
lib
lib1.c
libab.a
liba.o
liba.so
libb.o
libb.so
lib.c
libgl11pos.so
lib.h
lib_imx25
lib.o
libsrc.c
libtest.c
libtest.cman
libxyz.so
linux-2.6.31_src_rt5370sta_src.zip
linux-3.0.35_lcd
Linux_backup.pdf
linux.mp4
LinuxPro
live_score.sh
lm80-p0436-7_f_410e_proc_apq8016e_device_spec.pdf
locker
locker.c
ls
lseek
lseek.c
machineid1.c
macid.c
mahesh_1604567856_21082018
main.c
main_cvd.md5
Makefile
Makefile.inc
mallinfo
mallinfo.c
malloc
malloc.c
malloc_stats
malloc_stats.c
malloc_status.c
malloc_tuning
malloc_tuning.c
malloc_tunning.c
malloc_usable_size
malloc_usable_size.c
mallopt.c
mama
mandl.c
mem1.c
mem2a.c
mem2b.c
mem4.c
mem51.c
memconst.h
meminfo.c
memkey.h
memlock
memlock.c
message_app_1.0
message_dbsample
MF1S50YYX_V1.pdf
mhintegra_till_now_connected_to_1.8_on_040619.xls
mhnagpur_till_now_connected_to_1.8_on_040619.xls
mhpds_all_devices_list_with_macid_and_connected_time.txt
mhpds_all_devices_list_with_macid_and_connected_time.xls
mhpds_device_details.xls
mhpds_macid.txt
mhpds.txt
mincore.c
mk2120ul-mgmtserv.log
mlockall.c
mlock.c
MLS
mmap
mmap1
mmap1.c
mmap2
mmap2.c
mmap3
mmap3.c
mmap4
mmap4.c
mmap5
mmap5.c
mmap.c
mmap_fullfile
mmap_fullfile.c
mmc
mosquitto
mosquitto_1.0_develp.tar.bz2
mosquitto_1.1_devolped.tar.bz2
mosquitto-1.4.8
mosquitto_patch
mosquitto.sh
mosquitto.tar.bz2
mosquitto_test
mosquitto_test_1.1
mqinfo.c
mq_notify_sig.c
mq_notify_sigwaitinfo.c
mq_notify_thread.c
msg_file_client.c
msgfile.h
msg_file_server.c
msgls.c
msgq1.c
msgq21.c
msgq22.c
msgq23.c
msgq2a.c
msgq2b.c
msgq3.c
msg_unlink.c
mtxmain.c
mtxmydata.h
mtxreader.c
mtxwriter.c
multi1
multi1.c
multi2
multi2.c
multi3
multi3.c
multi4
multi4.c
mydata.h
mydata.txt
myDrivers
mygit
mylib.c
mylib.o
myp
mytasks
Nating_from_internet.sh
new_src
non_locker
non_locker.c
nonnull.c
nooverrun.c
noreturn.c
note
notes
Notifier_1.2
Notifier_server
objects
occurence_report_1.0.sh
oldact.c
one.c
oom
oom.c
open
open.c
openssl
OPENSSL
openssl-1.0.1e
openssl-1.0.1e.tar.gz
opentftp
OPI22
ostypes
out
out.log
out.txt
OVERRUN.c
part1.c
patch
PATCH
patch-2.0.zip
PATCH_FOR_RUN_rhms
patch.md5
patch.tar.bz2
pathlim.c
pat.txt
pcxhandler.c
PERR.c
perror
perror.c
poll1
poll1.c
poll2
poll2.c
PosDesk
PosDesk.sh
posixlimits.c
_posix_man
posix_memaling.c
posixopts.c
POSIXVER.c
printer_hex_file
prio.c
priority1.c
priority.c
PRL.c
problem_appds
PROC1
PROC1.c
PROC2
PROC2.c
PROC3
PROC3.c
PROC41
PROC41.c
PROC42
PROC42.c
PROC51
PROC51.c
PROC52
PROC52.c
proclimits.c
procon.c
proconsyn.c
prod_condvar1.c
prod_condvar2.c
psem_getvalue.c
psem_timedwait.c
psem_trywait.c
psem_unlink.c
psem_wait.c
pshm_create.c
pshm_read.c
pshm_unlink.c
pshm_write.c
pthread_once.c
pthread_rwlock.c
pthread_seq.c
pthread_seq.h
pthread_spinlock.c
ptimer1.c
ptimer2.c
ptimer3.c
ptimer4.c
p.txt
qtest1.c
qtest.c
Qt_prgming_book.chm
r
RAM_TEST
rd_init_patch.zip
rd_patch
rd_server_imx6
RD_SERVICE
Read
read1
read1.c
read_ahead
read_ahead.c
read.c
reader.c
readfifo.c
Readme
Readme.atops
Readmertc
Readme.systypes
Readme.txt
read.txt
Read.txt
readv
readv.c
Read_Write_Contact
recur.c
refs
Reg_From_patchtest_to_keralapds_78nos_on_190319.xls
Registartion_nd_Deregistration_procedure.docx
Registartion_nd_Deregistration_procedure.pdf
registering_40_devices_in_mhvisiontek_on_170819_1.xls
register.txt
REMOTE_CLIENT
remote_status.xml
remote_status.xml.~1~
REMOTE_STATUS.XML.~1~
remote_status.xml_1170
re.txt
rfid_practise
rhms
RHMS_BACKUP_CMD.sh
RHMS_PROJECT
rhms_projects_all_PDS_patches_information_and_rdv1.7.1_Updated_Data.xls
RHMS_PROJECT.tar.bz2
RHMS_review.xls
RHMS_RULES_FOR_DEVICES.ppt
rlimit.c
rot
rt5370sta_src.tar.bz2
rtc.c
run
run.sh
run.sh.bkp
ruta
rwlock
rw_wriprio.c
sample
sample.txt
sched
sched_param
sched_param.c
sched_scheduler.c
score.sh
Screenshot from 2018-10-12 11-02-02.png
sdcard_software_loding
SD.directory
SDK
search
section.c
selfdiag_loadtest_final
selfdiag_loadtest_final.tar.bz2
semcreate.c
sempost.c
semun.h
seperate_kerala.xls
serial_1.1
setclk.c
setmachineid
set_Machineid
sigabort.c
sigaction.c
sigalarm1.c
sigalarm.c
sigaltstack.c
sigblock.c
sigchld1.c
sigchld.c
sigcom1.c
sigcom.c
sigdefer.c
sigfd1.c
sigfd.c
sigign.c
siginfo.c
sigintr.c
signals
sigrestart.c
sigset1.c
sigset1.s
sigset2.c
sigset3.c
sigset4.c
sigset5.c
sigtwait2.c
sigtwait3.c
sigtwait.c
sigwait2.c
sigwait.c
simple_thread1.c
simple_thread.c
sindhu
sindhu.c
singlecopy
singlecopy.c
snap
source
sp1.c
sp2.c
sp3a.c
sp4a.c
sp4b.c
Speed
Speedtest
spek.c
splice
splice.c
src
srikakulam_ok.txt
srikakulam.txt
ssh_pos_on_pc
start_pc
startx
stcpt.sh
STDARGS.c
student.dat
svshm_xfr.h
svshm_xfr_reader.c
svshm_xfr_writer.c
sync
sync.c
sync_re.c
sys_fork
syslim.c
sysopen
sysread
taking_backup
temp_rootf_fs_IMX6
TEMP_ROOTFS
temp_rootfs_cmd
temp-rootfs.IMG
temp_rootfs_reduced
tes
test
test1
test1.c
test2
test3.c
test4.c
test.c
testfile
test.file
testing
test_script_for_sdcard_1.0.sh
TEST_SCRIPT_FOR_SDCARD.SH
TEST_SCRIPT_FOR_SDCARD_SH.BKP
Test_sshpass
tftpboot
thrcancel1.c
thrcancel2.c
thrcancel3.c
thread_incr_atomic.c
thread_incr.c
thread_incr_deadlock.c
thread_incr_mtx.c
thread_incr_psem.c
thr_shdata_abmon.c
thr_shdata.c
thr_shdata_sync.c
thr_shdata_syncmtx.c
tiffhandler.c
tifhandler.c
timer1.c
timer2.c
timerex1.c
timerex3.c
timerex.c
tools.txt
TotalDevicesReport24-01-2019_tsts.xls
TSTSTSTS
TT-Qt-4.7.4.tar.gz
tutorial.c
two.c
u03
uboot-password
uboot_password.tar.bz2
u-boot_src
ubuntu-session
ubuntu-session.list
ubuntu-session.md5sums
ui.c
underrun.c
unity
unitycontrol
unity-control-center
unused_result.c
Update_Application
update.sh
uploaded_to_PLM
usbsend
venu.txt
version
vim
viml.c
write
write1
write1.c
write.c
writefifo.c
writer.c
Write.txt
writev
writev.c
xml
xorg.conf.failsafe
xorg.conf.new
y
y.pub
ZBARCAM-READER-0.2

******* WELCOME PosDesk and PcDesk  Date: [ 04-09-2019 ]	 Time: [ 16:17:17 ] *******
ProjectName: ERROR
Machineid: 
Macid: ERROR
Uid: ERROR
AppType: ERROR
AppVersion: ERROR
U-boot: 
Kernel: 
Rootfs: 
FirmwareVersion: ERROR


Time: [ 16:17:24 ]	Command: [ ls ]	Status: [ Success ]
1
111806562552
1137_511_449
1362
1557
1610188445_________________________________
1617
1mydata.h
30042018_DPO_WLAN0_Batronics.tar.bz2
3g.txt
4G_3G_AGPS_TESTING_ALL
4G_3G_AGPS_TESTING_ALL.tar.bz2
4g.txt
94_patch_TLS.zip
access.c
ACK_FROM_SERVER.XML
ads_files
adsplay_ver.conf
affinity.c
agree
aio_read_write
aio_read_write.c
aio_read_write_list
aio_read_write_list.c
aligned.c
ALL_CAMERA
allinfo
allinfo1
allinfo2
ALL_MHPDS_DEVICES_LIST
alloc_brk.c
alloc.c
alloc_sbrk.c
all.txt
AMS
anon_mmap.c
ansilimits.c
anydesk_taken_serial_ids.txt
a.out
app
app.c
appds_device_details.xls
appds_iritech_patch_01032019.tar.bz2
appdskrishna_rhms_problem_IDs
appds_rhms_problem_IDs
appds_serial_numbers
APP_RHMS
APP_RHMS_BKP
ares_build.h
ares_dns.h
ares.h
ares_rules.h
ares_version.h
attr_sched1.c
attr_sched.c
attr_stack.c
autoapn
autoapn_5.0.2
autoapn_5.0.7
Backup_bhargav
barrier.c
Battery_Temp
bill
bill.tar.bz2
binary_sems.c
binary_sems.h
Bluetooth
bmphandler.c
books
branches
brk
buftest.c
build_maker_visiontek_1.1.sh
buildroot-2017.02.10
build-sample-pc-Debug
busybox
c
Californium.properties
call
call1
call1.c
call.c
cdpwd.c
chits.c
CHKFREED.c
cleanup
cleanup1
cleanup1.c
cleanup.c
client
clone1.c
clone2.c
clone3.c
CmsUpdate
common.c
common.h
common.o
confi.db1
config
config.c
config.txt
consistent.c
contents
Contents.txt
copy
copy.c
copysync
copysync.c
create
create.c
curl_command
DAILY_CVD_CHECKSUM_UPLOAD.sh
daily_cvd.md5
daily_report
deamon.c
defattrtib.c
demo
demo.c
Demo.txt
dep
deprecated.c
Dereg_From_patchtest_allversions_78nos_on_190319.xls
DEREGISTER_700_FROM_PATCHTEST.xls
Deregister_goapds_16_devices_from_patchtest_and_registering_in_goapds_on_240519.xls
deregistering_40_devices_from_goapds_and_registering_in_mhvisiontek_on_170819.xls
DEREGISTER_KASARAGODU_FROM_KPDS_390nos_ON_221218.xls
description
Desktop
destructor.c
detached_attrib.c
DeviceDetails07-02-2019_hpds.xls
dev_info.c
DevInfo.c
diff
direct.c
directio
directio.c
direct_read
direct_read.c
displayImage_SRC
dltest
dltest.c
dmesg
Download
Download_1.1_application
Download_dbs
download_imx25
DOWNLOAD_PROJECT
Downloads
Download.tar.bz2
dummy
dummy_file.txt
dyn_detach.c
dyn_join.c
epoll1.c
errchk.c
event_flags.c
event_flags.h
ex2.c
exec1.c
exec2.c
exec3.c
exec4.c
exec5.c
exer
F1.TXT
faq
field_rhms_patch.tar.bz2
file1
FILE1.TXT
filetype.c
find_system_break
find_system_break.c
Fino-PPP-LIB
Firmware
flock
FLOCK1
FLOCK1.c
FLOCK2
FLOCK2.c
FLOCK3
FLOCK3.c
flock.c
Foundations.of.Qt.Development.pdf
freescale-35.tar.gz
frk10.c
frk1.c
frk2.c
frk3.c
frk4.c
frk5.c
frk6.c
frk7.c
frk8.c
frk9.c
frkas1.c
frkas.c
frkfd.c
from_kermit
From_ssh
fs_stats
fs_stats.c
fstat
fstat.c
fstatcopy
fstatcopy.c
ftdi_sio.ko
ftok.c
funambol_dm_server_developer_guide.pdf
funambol_dm_server_developer_guide.ppt
getclk.c
get_week_num.c
gifhandler.c
gl11_gsm_send_read_SMS
GNANBHUMI
GNANBHUMI1
GNOME
gopal.txt
handlers.h
HEAD
hello
hole.c
hooks
ignorepend.c
imei
Imp_tars
IMX25_AutoConnectivity_4.4_Only_GSM
imx25_temp_rootfs.img
IMX25_TEMPS
IMX6_FW_UPDATE
imx6sl.dtsi
imx_iocon.ko
index.html
IN_FMS.txt
info
inline.c
inline.s
install.log
install.sh
Integrate_IMX25
Integrate_IMX6
iotypes
ipc
isu80.1
isu80.2
JDK.history
jpghandler.c
json
kerala_all_devices.xls
kerala_gsm.xls
kernel_src
killing
kk
kk.c
KKK.txt
kollam.txt
kollam.xls
KPDS-1.8
kpds_virus_patch
k.sh
l
ldd3_pdf.tar.bz2
leshan-client-demo.jar
leshan-server-demo.jar
lib
lib1.c
libab.a
liba.o
liba.so
libb.o
libb.so
lib.c
libgl11pos.so
lib.h
lib_imx25
lib.o
libsrc.c
libtest.c
libtest.cman
libxyz.so
linux-2.6.31_src_rt5370sta_src.zip
linux-3.0.35_lcd
Linux_backup.pdf
linux.mp4
LinuxPro
live_score.sh
lm80-p0436-7_f_410e_proc_apq8016e_device_spec.pdf
locker
locker.c
ls
lseek
lseek.c
machineid1.c
macid.c
mahesh_1604567856_21082018
main.c
main_cvd.md5
Makefile
Makefile.inc
mallinfo
mallinfo.c
malloc
malloc.c
malloc_stats
malloc_stats.c
malloc_status.c
malloc_tuning
malloc_tuning.c
malloc_tunning.c
malloc_usable_size
malloc_usable_size.c
mallopt.c
mama
mandl.c
mem1.c
mem2a.c
mem2b.c
mem4.c
mem51.c
memconst.h
meminfo.c
memkey.h
memlock
memlock.c
message_app_1.0
message_dbsample
MF1S50YYX_V1.pdf
mhintegra_till_now_connected_to_1.8_on_040619.xls
mhnagpur_till_now_connected_to_1.8_on_040619.xls
mhpds_all_devices_list_with_macid_and_connected_time.txt
mhpds_all_devices_list_with_macid_and_connected_time.xls
mhpds_device_details.xls
mhpds_macid.txt
mhpds.txt
mincore.c
mk2120ul-mgmtserv.log
mlockall.c
mlock.c
MLS
mmap
mmap1
mmap1.c
mmap2
mmap2.c
mmap3
mmap3.c
mmap4
mmap4.c
mmap5
mmap5.c
mmap.c
mmap_fullfile
mmap_fullfile.c
mmc
mosquitto
mosquitto_1.0_develp.tar.bz2
mosquitto_1.1_devolped.tar.bz2
mosquitto-1.4.8
mosquitto_patch
mosquitto.sh
mosquitto.tar.bz2
mosquitto_test
mosquitto_test_1.1
mqinfo.c
mq_notify_sig.c
mq_notify_sigwaitinfo.c
mq_notify_thread.c
msg_file_client.c
msgfile.h
msg_file_server.c
msgls.c
msgq1.c
msgq21.c
msgq22.c
msgq23.c
msgq2a.c
msgq2b.c
msgq3.c
msg_unlink.c
mtxmain.c
mtxmydata.h
mtxreader.c
mtxwriter.c
multi1
multi1.c
multi2
multi2.c
multi3
multi3.c
multi4
multi4.c
mydata.h
mydata.txt
myDrivers
mygit
mylib.c
mylib.o
myp
mytasks
Nating_from_internet.sh
new_src
non_locker
non_locker.c
nonnull.c
nooverrun.c
noreturn.c
note
notes
Notifier_1.2
Notifier_server
objects
occurence_report_1.0.sh
oldact.c
one.c
oom
oom.c
open
open.c
openssl
OPENSSL
openssl-1.0.1e
openssl-1.0.1e.tar.gz
opentftp
OPI22
ostypes
out
out.log
out.txt
OVERRUN.c
part1.c
patch
PATCH
patch-2.0.zip
PATCH_FOR_RUN_rhms
patch.md5
patch.tar.bz2
pathlim.c
pat.txt
pcxhandler.c
PERR.c
perror
perror.c
poll1
poll1.c
poll2
poll2.c
PosDesk
PosDesk.sh
posixlimits.c
_posix_man
posix_memaling.c
posixopts.c
POSIXVER.c
printer_hex_file
prio.c
priority1.c
priority.c
PRL.c
problem_appds
PROC1
PROC1.c
PROC2
PROC2.c
PROC3
PROC3.c
PROC41
PROC41.c
PROC42
PROC42.c
PROC51
PROC51.c
PROC52
PROC52.c
proclimits.c
procon.c
proconsyn.c
prod_condvar1.c
prod_condvar2.c
psem_getvalue.c
psem_timedwait.c
psem_trywait.c
psem_unlink.c
psem_wait.c
pshm_create.c
pshm_read.c
pshm_unlink.c
pshm_write.c
pthread_once.c
pthread_rwlock.c
pthread_seq.c
pthread_seq.h
pthread_spinlock.c
ptimer1.c
ptimer2.c
ptimer3.c
ptimer4.c
p.txt
qtest1.c
qtest.c
Qt_prgming_book.chm
r
RAM_TEST
rd_init_patch.zip
rd_patch
rd_server_imx6
RD_SERVICE
Read
read1
read1.c
read_ahead
read_ahead.c
read.c
reader.c
readfifo.c
Readme
Readme.atops
Readmertc
Readme.systypes
Readme.txt
read.txt
Read.txt
readv
readv.c
Read_Write_Contact
recur.c
refs
Reg_From_patchtest_to_keralapds_78nos_on_190319.xls
Registartion_nd_Deregistration_procedure.docx
Registartion_nd_Deregistration_procedure.pdf
registering_40_devices_in_mhvisiontek_on_170819_1.xls
register.txt
REMOTE_CLIENT
remote_status.xml
remote_status.xml.~1~
REMOTE_STATUS.XML.~1~
remote_status.xml_1170
re.txt
rfid_practise
rhms
RHMS_BACKUP_CMD.sh
RHMS_PROJECT
rhms_projects_all_PDS_patches_information_and_rdv1.7.1_Updated_Data.xls
RHMS_PROJECT.tar.bz2
RHMS_review.xls
RHMS_RULES_FOR_DEVICES.ppt
rlimit.c
rot
rt5370sta_src.tar.bz2
rtc.c
run
run.sh
run.sh.bkp
ruta
rwlock
rw_wriprio.c
sample
sample.txt
sched
sched_param
sched_param.c
sched_scheduler.c
score.sh
Screenshot from 2018-10-12 11-02-02.png
sdcard_software_loding
SD.directory
SDK
search
section.c
selfdiag_loadtest_final
selfdiag_loadtest_final.tar.bz2
semcreate.c
sempost.c
semun.h
seperate_kerala.xls
serial_1.1
setclk.c
setmachineid
set_Machineid
sigabort.c
sigaction.c
sigalarm1.c
sigalarm.c
sigaltstack.c
sigblock.c
sigchld1.c
sigchld.c
sigcom1.c
sigcom.c
sigdefer.c
sigfd1.c
sigfd.c
sigign.c
siginfo.c
sigintr.c
signals
sigrestart.c
sigset1.c
sigset1.s
sigset2.c
sigset3.c
sigset4.c
sigset5.c
sigtwait2.c
sigtwait3.c
sigtwait.c
sigwait2.c
sigwait.c
simple_thread1.c
simple_thread.c
sindhu
sindhu.c
singlecopy
singlecopy.c
snap
source
sp1.c
sp2.c
sp3a.c
sp4a.c
sp4b.c
Speed
Speedtest
spek.c
splice
splice.c
src
srikakulam_ok.txt
srikakulam.txt
ssh_pos_on_pc
start_pc
startx
stcpt.sh
STDARGS.c
student.dat
svshm_xfr.h
svshm_xfr_reader.c
svshm_xfr_writer.c
sync
sync.c
sync_re.c
sys_fork
syslim.c
sysopen
sysread
taking_backup
temp_rootf_fs_IMX6
TEMP_ROOTFS
temp_rootfs_cmd
temp-rootfs.IMG
temp_rootfs_reduced
tes
test
test1
test1.c
test2
test3.c
test4.c
test.c
testfile
test.file
testing
test_script_for_sdcard_1.0.sh
TEST_SCRIPT_FOR_SDCARD.SH
TEST_SCRIPT_FOR_SDCARD_SH.BKP
Test_sshpass
tftpboot
thrcancel1.c
thrcancel2.c
thrcancel3.c
thread_incr_atomic.c
thread_incr.c
thread_incr_deadlock.c
thread_incr_mtx.c
thread_incr_psem.c
thr_shdata_abmon.c
thr_shdata.c
thr_shdata_sync.c
thr_shdata_syncmtx.c
tiffhandler.c
tifhandler.c
timer1.c
timer2.c
timerex1.c
timerex3.c
timerex.c
tools.txt
TotalDevicesReport24-01-2019_tsts.xls
TSTSTSTS
TT-Qt-4.7.4.tar.gz
tutorial.c
two.c
u03
uboot-password
uboot_password.tar.bz2
u-boot_src
ubuntu-session
ubuntu-session.list
ubuntu-session.md5sums
ui.c
underrun.c
unity
unitycontrol
unity-control-center
unused_result.c
Update_Application
update.sh
uploaded_to_PLM
usbsend
venu.txt
version
vim
viml.c
write
write1
write1.c
write.c
writefifo.c
writer.c
Write.txt
writev
writev.c
xml
xorg.conf.failsafe
xorg.conf.new
y
y.pub
ZBARCAM-READER-0.2


Time: [ 16:17:30 ]	Command: [ maya ]	Status: [ Success ]
sh: 1: maya: not found


Time: [ 16:17:32 ]	Command: [ raya ]	Status: [ Success ]
sh: 1: raya: not found


Time: [ 16:17:35 ]	Command: [ giya ]	Status: [ Success ]
sh: 1: giya: not found


Time: [ 16:17:40 ]	Command: [ hahaha ]	Status: [ Success ]
sh: 1: hahaha: not found


Time: [ 16:17:43 ]	Command: [ ps ]	Status: [ Success ]
  PID TTY          TIME CMD
 3449 pts/0    00:00:00 sudo
 3450 pts/0    00:00:00 su
 3463 pts/0    00:00:01 bash
 7947 pts/0    00:00:00 PosDesk_1
 7971 pts/0    00:00:00 sh
 7972 pts/0    00:00:00 ps

******* WELCOME PosDesk and PcDesk  Date: [ 04-09-2019 ]	 Time: [ 16:19:18 ] *******
ProjectName: ERROR
Machineid: 
Macid: ERROR
Uid: ERROR
AppType: ERROR
AppVersion: ERROR
U-boot: 
Kernel: 
Rootfs: 
FirmwareVersion: ERROR


Time: [ 16:19:20 ]	Command: [ ps ]	Status: [ Success ]
  PID TTY          TIME CMD
 3449 pts/0    00:00:00 sudo
 3450 pts/0    00:00:00 su
 3463 pts/0    00:00:01 bash
 7994 pts/0    00:00:00 PosDesk_1
 8011 pts/0    00:00:00 sh
 8012 pts/0    00:00:00 ps


Time: [ 16:19:21 ]	Command: [ ps ]	Status: [ Success ]
  PID TTY          TIME CMD
 3449 pts/0    00:00:00 sudo
 3450 pts/0    00:00:00 su
 3463 pts/0    00:00:01 bash
 7994 pts/0    00:00:00 PosDesk_1
 8013 pts/0    00:00:00 sh
 8014 pts/0    00:00:00 ps

Time out, some thing late processing with client

******* WELCOME PosDesk and PcDesk  Date: [ 04-09-2019 ]	 Time: [ 16:31:50 ] *******
ProjectName: ERROR
Machineid: 
Macid: ERROR
Uid: ERROR
AppType: ERROR
AppVersion: ERROR
U-boot: 
Kernel: 
Rootfs: 
FirmwareVersion: ERROR


Time: [ 16:32:03 ]	Command: [ uplobin/ls ]	Status: [ Success ]
sh: 1: uplobin/ls: not found


Time: [ 16:32:13 ]	Command: [ upload /bin/ls ]	Status: [ Success ]


Time: [ 16:32:13 ]	Command: [ upload /bin/ls ]	Status: [ Success ]
