
******* WELCOME PosDesk and PcDesk  Date: [ 22-10-2019 ]	 Time: [ 16:03:11 ] *******
ProjectName: TRIPURAPDS
Machineid: 
Macid: ERROR
Uid: ERROR
AppType: ERROR
AppVersion: ERROR
U-boot: 
Kernel: 
Rootfs: 
FirmwareVersion: 1.78 0000

******* WELCOME PosDesk and PcDesk  Date: [ 22-10-2019 ]	 Time: [ 16:04:34 ] *******
ProjectName: TRIPURAPDS
Machineid: 
Macid: ERROR
Uid: ERROR
AppType: ERROR
AppVersion: ERROR
U-boot: 
Kernel: 
Rootfs: 
FirmwareVersion: 1.78 0000

******* WELCOME PosDesk and PcDesk  Date: [ 22-10-2019 ]	 Time: [ 16:09:16 ] *******
ProjectName: TRIPURAPDS
Machineid: 
Macid: ERROR
Uid: ERROR
AppType: ERROR
AppVersion: ERROR
U-boot: 
Kernel: 
Rootfs: 
FirmwareVersion: 1.78 0000
