
******* WELCOME PosDesk and PcDesk  Date: [ 09-09-2019 ]	 Time: [ 10:58:42 ] *******
ProjectName: HARYANATEST
Machineid: 1817161534
Macid: 7C:F0:BA:FA:23:B5
Uid: 323721d4eacb4188
AppType: 100
AppVersion: 1.0
U-boot: GL11-UB-2009.08-1520-1.1.bin
Kernel: GL11-KR-3.0.35-1921-1.1.IMG
Rootfs: GL11-RD-EXT3-1964-1.3.IMG
FirmwareVersion: 2.0

******* WELCOME PosDesk and PcDesk  Date: [ 09-09-2019 ]	 Time: [ 11:07:04 ] *******
ProjectName: HARYANATEST
Machineid: 1817161534
Macid: 7C:F0:BA:FA:23:B5
Uid: 323721d4eacb4188
AppType: 100
AppVersion: 1.0
U-boot: GL11-UB-2009.08-1520-1.1.bin
Kernel: GL11-KR-3.0.35-1921-1.1.IMG
Rootfs: GL11-RD-EXT3-1964-1.3.IMG
FirmwareVersion: 2.0
